<?xml version="1.0" encoding="UTF-8"?>
<coverage generated="1617679759166" clover="3.2.0">
  <project timestamp="1617679759166" name="All files">
    <metrics statements="203" coveredstatements="203" conditionals="81" coveredconditionals="71" methods="12" coveredmethods="12" elements="296" coveredelements="286" complexity="0" loc="203" ncloc="203" packages="1" files="1" classes="1"/>
    <file name="index.js" path="/Users/huyikai/sourceCode/AWS/Projects/Constructs-Analysis/serverless-img-handler-cn/source/custom-resource/index.js">
      <metrics statements="203" coveredstatements="203" conditionals="81" coveredconditionals="71" methods="12" coveredmethods="12"/>
      <line num="4" count="1" type="stmt"/>
      <line num="5" count="1" type="stmt"/>
      <line num="6" count="1" type="stmt"/>
      <line num="7" count="1" type="stmt"/>
      <line num="9" count="1" type="stmt"/>
      <line num="10" count="1" type="stmt"/>
      <line num="11" count="1" type="stmt"/>
      <line num="12" count="1" type="stmt"/>
      <line num="17" count="1" type="stmt"/>
      <line num="18" count="28" type="stmt"/>
      <line num="20" count="28" type="stmt"/>
      <line num="21" count="28" type="stmt"/>
      <line num="26" count="28" type="stmt"/>
      <line num="27" count="28" type="cond" truecount="9" falsecount="0"/>
      <line num="29" count="3" type="cond" truecount="2" falsecount="0"/>
      <line num="30" count="2" type="stmt"/>
      <line num="39" count="2" type="stmt"/>
      <line num="41" count="3" type="stmt"/>
      <line num="43" count="3" type="cond" truecount="1" falsecount="1"/>
      <line num="44" count="3" type="stmt"/>
      <line num="45" count="3" type="stmt"/>
      <line num="47" count="2" type="stmt"/>
      <line num="49" count="4" type="cond" truecount="1" falsecount="1"/>
      <line num="50" count="4" type="stmt"/>
      <line num="51" count="4" type="stmt"/>
      <line num="53" count="2" type="stmt"/>
      <line num="55" count="1" type="cond" truecount="1" falsecount="1"/>
      <line num="56" count="1" type="stmt"/>
      <line num="58" count="1" type="stmt"/>
      <line num="60" count="2" type="cond" truecount="1" falsecount="1"/>
      <line num="61" count="2" type="stmt"/>
      <line num="62" count="2" type="stmt"/>
      <line num="64" count="1" type="stmt"/>
      <line num="66" count="5" type="cond" truecount="1" falsecount="1"/>
      <line num="67" count="5" type="stmt"/>
      <line num="68" count="5" type="stmt"/>
      <line num="70" count="1" type="stmt"/>
      <line num="72" count="5" type="cond" truecount="1" falsecount="1"/>
      <line num="73" count="5" type="stmt"/>
      <line num="74" count="5" type="stmt"/>
      <line num="76" count="2" type="stmt"/>
      <line num="78" count="4" type="cond" truecount="1" falsecount="1"/>
      <line num="79" count="4" type="stmt"/>
      <line num="80" count="4" type="stmt"/>
      <line num="81" count="4" type="stmt"/>
      <line num="82" count="4" type="stmt"/>
      <line num="83" count="4" type="stmt"/>
      <line num="85" count="1" type="stmt"/>
      <line num="87" count="1" type="stmt"/>
      <line num="90" count="14" type="stmt"/>
      <line num="91" count="14" type="stmt"/>
      <line num="101" count="28" type="stmt"/>
      <line num="104" count="28" type="stmt"/>
      <line num="114" count="28" type="stmt"/>
      <line num="115" count="28" type="cond" truecount="2" falsecount="0"/>
      <line num="116" count="14" type="stmt"/>
      <line num="119" count="28" type="stmt"/>
      <line num="129" count="28" type="stmt"/>
      <line num="131" count="28" type="stmt"/>
      <line num="138" count="28" type="stmt"/>
      <line num="147" count="2" type="stmt"/>
      <line num="152" count="2" type="stmt"/>
      <line num="165" count="2" type="stmt"/>
      <line num="166" count="2" type="stmt"/>
      <line num="167" count="1" type="stmt"/>
      <line num="172" count="1" type="stmt"/>
      <line num="173" count="1" type="stmt"/>
      <line num="187" count="5" type="cond" truecount="4" falsecount="0"/>
      <line num="188" count="1" type="stmt"/>
      <line num="193" count="4" type="cond" truecount="4" falsecount="0"/>
      <line num="194" count="1" type="stmt"/>
      <line num="200" count="3" type="stmt"/>
      <line num="201" count="3" type="stmt"/>
      <line num="203" count="3" type="stmt"/>
      <line num="204" count="7" type="stmt"/>
      <line num="205" count="7" type="stmt"/>
      <line num="206" count="4" type="stmt"/>
      <line num="208" count="4" type="cond" truecount="2" falsecount="0"/>
      <line num="209" count="3" type="stmt"/>
      <line num="215" count="1" type="stmt"/>
      <line num="216" count="1" type="stmt"/>
      <line num="218" count="6" type="cond" truecount="2" falsecount="0"/>
      <line num="219" count="2" type="stmt"/>
      <line num="220" count="2" type="stmt"/>
      <line num="222" count="4" type="stmt"/>
      <line num="223" count="4" type="stmt"/>
      <line num="228" count="1" type="stmt"/>
      <line num="242" count="3" type="stmt"/>
      <line num="243" count="3" type="stmt"/>
      <line num="245" count="3" type="stmt"/>
      <line num="246" count="3" type="stmt"/>
      <line num="248" count="3" type="stmt"/>
      <line num="249" count="3" type="stmt"/>
      <line num="251" count="3" type="cond" truecount="1" falsecount="1"/>
      <line num="253" count="3" type="stmt"/>
      <line num="254" count="3" type="stmt"/>
      <line num="261" count="3" type="stmt"/>
      <line num="262" count="4" type="stmt"/>
      <line num="263" count="4" type="stmt"/>
      <line num="264" count="2" type="stmt"/>
      <line num="266" count="2" type="cond" truecount="4" falsecount="0"/>
      <line num="267" count="1" type="stmt"/>
      <line num="268" count="1" type="stmt"/>
      <line num="273" count="1" type="stmt"/>
      <line num="274" count="1" type="stmt"/>
      <line num="279" count="2" type="stmt"/>
      <line num="294" count="4" type="stmt"/>
      <line num="295" count="4" type="stmt"/>
      <line num="296" count="4" type="stmt"/>
      <line num="298" count="4" type="stmt"/>
      <line num="299" count="4" type="stmt"/>
      <line num="302" count="4" type="stmt"/>
      <line num="303" count="5" type="stmt"/>
      <line num="304" count="5" type="stmt"/>
      <line num="308" count="5" type="stmt"/>
      <line num="309" count="3" type="stmt"/>
      <line num="311" count="3" type="stmt"/>
      <line num="313" count="2" type="cond" truecount="4" falsecount="0"/>
      <line num="314" count="1" type="stmt"/>
      <line num="315" count="1" type="stmt"/>
      <line num="320" count="1" type="stmt"/>
      <line num="321" count="1" type="stmt"/>
      <line num="327" count="3" type="stmt"/>
      <line num="328" count="3" type="stmt"/>
      <line num="329" count="3" type="stmt"/>
      <line num="330" count="21" type="stmt"/>
      <line num="336" count="21" type="stmt"/>
      <line num="339" count="3" type="cond" truecount="1" falsecount="1"/>
      <line num="340" count="3" type="stmt"/>
      <line num="343" count="2" type="stmt"/>
      <line num="348" count="1" type="stmt"/>
      <line num="349" count="1" type="stmt"/>
      <line num="362" count="24" type="stmt"/>
      <line num="363" count="24" type="cond" truecount="2" falsecount="0"/>
      <line num="364" count="3" type="stmt"/>
      <line num="365" count="21" type="cond" truecount="2" falsecount="0"/>
      <line num="366" count="3" type="stmt"/>
      <line num="367" count="18" type="cond" truecount="2" falsecount="0"/>
      <line num="368" count="3" type="stmt"/>
      <line num="369" count="15" type="cond" truecount="2" falsecount="0"/>
      <line num="370" count="3" type="stmt"/>
      <line num="371" count="12" type="cond" truecount="2" falsecount="0"/>
      <line num="372" count="3" type="stmt"/>
      <line num="373" count="9" type="cond" truecount="2" falsecount="0"/>
      <line num="374" count="6" type="stmt"/>
      <line num="376" count="3" type="stmt"/>
      <line num="378" count="24" type="stmt"/>
      <line num="387" count="2" type="stmt"/>
      <line num="388" count="2" type="stmt"/>
      <line num="389" count="2" type="stmt"/>
      <line num="390" count="2" type="stmt"/>
      <line num="392" count="2" type="stmt"/>
      <line num="393" count="6" type="stmt"/>
      <line num="394" count="6" type="stmt"/>
      <line num="395" count="6" type="stmt"/>
      <line num="396" count="3" type="stmt"/>
      <line num="398" count="3" type="stmt"/>
      <line num="399" count="3" type="stmt"/>
      <line num="400" count="3" type="stmt"/>
      <line num="404" count="2" type="cond" truecount="2" falsecount="0"/>
      <line num="405" count="1" type="stmt"/>
      <line num="407" count="1" type="stmt"/>
      <line num="421" count="5" type="cond" truecount="4" falsecount="0"/>
      <line num="422" count="1" type="stmt"/>
      <line num="427" count="4" type="cond" truecount="4" falsecount="0"/>
      <line num="428" count="1" type="stmt"/>
      <line num="434" count="3" type="stmt"/>
      <line num="435" count="3" type="stmt"/>
      <line num="437" count="3" type="stmt"/>
      <line num="438" count="5" type="stmt"/>
      <line num="439" count="5" type="stmt"/>
      <line num="440" count="2" type="stmt"/>
      <line num="442" count="3" type="cond" truecount="4" falsecount="0"/>
      <line num="443" count="1" type="stmt"/>
      <line num="444" count="1" type="stmt"/>
      <line num="449" count="2" type="stmt"/>
      <line num="450" count="2" type="stmt"/>
      <line num="455" count="2" type="stmt"/>
      <line num="467" count="8" type="stmt"/>
      <line num="468" count="8" type="stmt"/>
      <line num="478" count="4" type="stmt"/>
      <line num="484" count="4" type="stmt"/>
      <line num="485" count="4" type="stmt"/>
      <line num="486" count="3" type="stmt"/>
      <line num="488" count="1" type="stmt"/>
      <line num="489" count="1" type="stmt"/>
      <line num="492" count="3" type="stmt"/>
      <line num="504" count="3" type="stmt"/>
      <line num="505" count="3" type="stmt"/>
      <line num="506" count="3" type="stmt"/>
      <line num="507" count="2" type="stmt"/>
      <line num="509" count="1" type="stmt"/>
      <line num="510" count="1" type="stmt"/>
      <line num="514" count="2" type="stmt"/>
      <line num="515" count="2" type="stmt"/>
      <line num="518" count="2" type="stmt"/>
      <line num="524" count="2" type="stmt"/>
      <line num="525" count="2" type="stmt"/>
      <line num="526" count="2" type="stmt"/>
      <line num="527" count="1" type="stmt"/>
      <line num="529" count="1" type="stmt"/>
      <line num="530" count="1" type="stmt"/>
      <line num="533" count="1" type="stmt"/>
    </file>
  </project>
</coverage>
