{"/Users/huyikai/sourceCode/AWS/Projects/Constructs-Analysis/serverless-img-handler-cn/source/custom-resource/index.js": {"path":"/Users/huyikai/sourceCode/AWS/Projects/Constructs-Analysis/serverless-img-handler-cn/source/custom-resource/index.js","statementMap":{"0":{"start":{"line":4,"column":12},"end":{"line":4,"column":30}},"1":{"start":{"line":5,"column":14},"end":{"line":5,"column":30}},"2":{"start":{"line":6,"column":13},"end":{"line":6,"column":28}},"3":{"start":{"line":7,"column":15},"end":{"line":7,"column":32}},"4":{"start":{"line":9,"column":11},"end":{"line":9,"column":23}},"5":{"start":{"line":10,"column":17},"end":{"line":10,"column":76}},"6":{"start":{"line":11,"column":23},"end":{"line":11,"column":47}},"7":{"start":{"line":12,"column":25},"end":{"line":12,"column":74}},"8":{"start":{"line":17,"column":0},"end":{"line":105,"column":1}},"9":{"start":{"line":18,"column":4},"end":{"line":18,"column":67}},"10":{"start":{"line":20,"column":23},"end":{"line":20,"column":47}},"11":{"start":{"line":21,"column":19},"end":{"line":24,"column":5}},"12":{"start":{"line":26,"column":4},"end":{"line":102,"column":5}},"13":{"start":{"line":27,"column":8},"end":{"line":88,"column":9}},"14":{"start":{"line":29,"column":16},"end":{"line":40,"column":17}},"15":{"start":{"line":30,"column":48},"end":{"line":37,"column":21}},"16":{"start":{"line":39,"column":20},"end":{"line":39,"column":82}},"17":{"start":{"line":41,"column":16},"end":{"line":41,"column":22}},"18":{"start":{"line":43,"column":16},"end":{"line":46,"column":17}},"19":{"start":{"line":44,"column":68},"end":{"line":44,"column":78}},"20":{"start":{"line":45,"column":20},"end":{"line":45,"column":93}},"21":{"start":{"line":47,"column":16},"end":{"line":47,"column":22}},"22":{"start":{"line":49,"column":16},"end":{"line":52,"column":17}},"23":{"start":{"line":50,"column":87},"end":{"line":50,"column":97}},"24":{"start":{"line":51,"column":20},"end":{"line":51,"column":109}},"25":{"start":{"line":53,"column":16},"end":{"line":53,"column":22}},"26":{"start":{"line":55,"column":16},"end":{"line":57,"column":17}},"27":{"start":{"line":56,"column":20},"end":{"line":56,"column":56}},"28":{"start":{"line":58,"column":16},"end":{"line":58,"column":22}},"29":{"start":{"line":60,"column":16},"end":{"line":63,"column":17}},"30":{"start":{"line":61,"column":46},"end":{"line":61,"column":56}},"31":{"start":{"line":62,"column":20},"end":{"line":62,"column":73}},"32":{"start":{"line":64,"column":16},"end":{"line":64,"column":22}},"33":{"start":{"line":66,"column":16},"end":{"line":69,"column":17}},"34":{"start":{"line":67,"column":70},"end":{"line":67,"column":80}},"35":{"start":{"line":68,"column":20},"end":{"line":68,"column":101}},"36":{"start":{"line":70,"column":16},"end":{"line":70,"column":22}},"37":{"start":{"line":72,"column":16},"end":{"line":75,"column":17}},"38":{"start":{"line":73,"column":74},"end":{"line":73,"column":84}},"39":{"start":{"line":74,"column":20},"end":{"line":74,"column":104}},"40":{"start":{"line":76,"column":16},"end":{"line":76,"column":22}},"41":{"start":{"line":78,"column":16},"end":{"line":84,"column":17}},"42":{"start":{"line":79,"column":38},"end":{"line":79,"column":58}},"43":{"start":{"line":80,"column":48},"end":{"line":80,"column":65}},"44":{"start":{"line":81,"column":40},"end":{"line":81,"column":50}},"45":{"start":{"line":82,"column":41},"end":{"line":82,"column":135}},"46":{"start":{"line":83,"column":20},"end":{"line":83,"column":110}},"47":{"start":{"line":85,"column":16},"end":{"line":85,"column":22}},"48":{"start":{"line":87,"column":16},"end":{"line":87,"column":22}},"49":{"start":{"line":90,"column":8},"end":{"line":90,"column":99}},"50":{"start":{"line":91,"column":8},"end":{"line":99,"column":9}},"51":{"start":{"line":101,"column":8},"end":{"line":101,"column":67}},"52":{"start":{"line":104,"column":4},"end":{"line":104,"column":20}},"53":{"start":{"line":114,"column":17},"end":{"line":114,"column":77}},"54":{"start":{"line":115,"column":4},"end":{"line":117,"column":5}},"55":{"start":{"line":116,"column":8},"end":{"line":116,"column":59}},"56":{"start":{"line":119,"column":25},"end":{"line":127,"column":6}},"57":{"start":{"line":129,"column":4},"end":{"line":129,"column":50}},"58":{"start":{"line":131,"column":19},"end":{"line":136,"column":5}},"59":{"start":{"line":138,"column":4},"end":{"line":138,"column":68}},"60":{"start":{"line":147,"column":19},"end":{"line":151,"column":5}},"61":{"start":{"line":152,"column":17},"end":{"line":163,"column":5}},"62":{"start":{"line":165,"column":4},"end":{"line":177,"column":5}},"63":{"start":{"line":166,"column":8},"end":{"line":166,"column":57}},"64":{"start":{"line":167,"column":8},"end":{"line":170,"column":10}},"65":{"start":{"line":172,"column":8},"end":{"line":172,"column":56}},"66":{"start":{"line":173,"column":8},"end":{"line":176,"column":10}},"67":{"start":{"line":187,"column":4},"end":{"line":192,"column":5}},"68":{"start":{"line":188,"column":8},"end":{"line":191,"column":10}},"69":{"start":{"line":193,"column":4},"end":{"line":198,"column":5}},"70":{"start":{"line":194,"column":8},"end":{"line":197,"column":10}},"71":{"start":{"line":200,"column":23},"end":{"line":200,"column":24}},"72":{"start":{"line":201,"column":14},"end":{"line":201,"column":16}},"73":{"start":{"line":203,"column":4},"end":{"line":226,"column":5}},"74":{"start":{"line":203,"column":21},"end":{"line":203,"column":22}},"75":{"start":{"line":204,"column":8},"end":{"line":225,"column":9}},"76":{"start":{"line":205,"column":29},"end":{"line":205,"column":100}},"77":{"start":{"line":206,"column":33},"end":{"line":206,"column":66}},"78":{"start":{"line":208,"column":12},"end":{"line":213,"column":13}},"79":{"start":{"line":209,"column":16},"end":{"line":212,"column":18}},"80":{"start":{"line":215,"column":12},"end":{"line":215,"column":31}},"81":{"start":{"line":216,"column":12},"end":{"line":216,"column":18}},"82":{"start":{"line":218,"column":12},"end":{"line":224,"column":13}},"83":{"start":{"line":219,"column":16},"end":{"line":219,"column":117}},"84":{"start":{"line":220,"column":16},"end":{"line":220,"column":28}},"85":{"start":{"line":222,"column":16},"end":{"line":222,"column":52}},"86":{"start":{"line":223,"column":16},"end":{"line":223,"column":35}},"87":{"start":{"line":228,"column":4},"end":{"line":231,"column":6}},"88":{"start":{"line":242,"column":4},"end":{"line":242,"column":96}},"89":{"start":{"line":243,"column":4},"end":{"line":243,"column":49}},"90":{"start":{"line":245,"column":18},"end":{"line":245,"column":72}},"91":{"start":{"line":246,"column":24},"end":{"line":246,"column":26}},"92":{"start":{"line":248,"column":4},"end":{"line":250,"column":5}},"93":{"start":{"line":249,"column":8},"end":{"line":249,"column":55}},"94":{"start":{"line":251,"column":4},"end":{"line":251,"column":128}},"95":{"start":{"line":253,"column":23},"end":{"line":253,"column":24}},"96":{"start":{"line":254,"column":19},"end":{"line":259,"column":5}},"97":{"start":{"line":261,"column":4},"end":{"line":277,"column":5}},"98":{"start":{"line":261,"column":21},"end":{"line":261,"column":22}},"99":{"start":{"line":262,"column":8},"end":{"line":276,"column":9}},"100":{"start":{"line":263,"column":12},"end":{"line":263,"column":49}},"101":{"start":{"line":264,"column":12},"end":{"line":264,"column":18}},"102":{"start":{"line":266,"column":12},"end":{"line":275,"column":13}},"103":{"start":{"line":267,"column":16},"end":{"line":267,"column":86}},"104":{"start":{"line":268,"column":16},"end":{"line":271,"column":18}},"105":{"start":{"line":273,"column":16},"end":{"line":273,"column":52}},"106":{"start":{"line":274,"column":16},"end":{"line":274,"column":35}},"107":{"start":{"line":279,"column":4},"end":{"line":282,"column":6}},"108":{"start":{"line":294,"column":4},"end":{"line":294,"column":52}},"109":{"start":{"line":295,"column":4},"end":{"line":295,"column":52}},"110":{"start":{"line":296,"column":4},"end":{"line":296,"column":55}},"111":{"start":{"line":298,"column":23},"end":{"line":298,"column":24}},"112":{"start":{"line":299,"column":19},"end":{"line":299,"column":21}},"113":{"start":{"line":302,"column":4},"end":{"line":324,"column":5}},"114":{"start":{"line":302,"column":21},"end":{"line":302,"column":22}},"115":{"start":{"line":303,"column":8},"end":{"line":323,"column":9}},"116":{"start":{"line":304,"column":27},"end":{"line":307,"column":13}},"117":{"start":{"line":308,"column":29},"end":{"line":308,"column":65}},"118":{"start":{"line":309,"column":12},"end":{"line":309,"column":60}},"119":{"start":{"line":311,"column":12},"end":{"line":311,"column":18}},"120":{"start":{"line":313,"column":12},"end":{"line":322,"column":13}},"121":{"start":{"line":314,"column":16},"end":{"line":314,"column":84}},"122":{"start":{"line":315,"column":16},"end":{"line":318,"column":18}},"123":{"start":{"line":320,"column":16},"end":{"line":320,"column":52}},"124":{"start":{"line":321,"column":16},"end":{"line":321,"column":35}},"125":{"start":{"line":327,"column":19},"end":{"line":327,"column":21}},"126":{"start":{"line":328,"column":4},"end":{"line":353,"column":5}},"127":{"start":{"line":329,"column":8},"end":{"line":337,"column":9}},"128":{"start":{"line":330,"column":27},"end":{"line":335,"column":13}},"129":{"start":{"line":336,"column":12},"end":{"line":336,"column":59}},"130":{"start":{"line":339,"column":8},"end":{"line":341,"column":9}},"131":{"start":{"line":340,"column":12},"end":{"line":340,"column":40}},"132":{"start":{"line":343,"column":8},"end":{"line":346,"column":10}},"133":{"start":{"line":348,"column":8},"end":{"line":348,"column":69}},"134":{"start":{"line":349,"column":8},"end":{"line":352,"column":10}},"135":{"start":{"line":362,"column":22},"end":{"line":362,"column":24}},"136":{"start":{"line":363,"column":4},"end":{"line":377,"column":5}},"137":{"start":{"line":364,"column":8},"end":{"line":364,"column":34}},"138":{"start":{"line":365,"column":11},"end":{"line":377,"column":5}},"139":{"start":{"line":366,"column":8},"end":{"line":366,"column":33}},"140":{"start":{"line":367,"column":11},"end":{"line":377,"column":5}},"141":{"start":{"line":368,"column":8},"end":{"line":368,"column":34}},"142":{"start":{"line":369,"column":11},"end":{"line":377,"column":5}},"143":{"start":{"line":370,"column":8},"end":{"line":370,"column":38}},"144":{"start":{"line":371,"column":11},"end":{"line":377,"column":5}},"145":{"start":{"line":372,"column":8},"end":{"line":372,"column":35}},"146":{"start":{"line":373,"column":11},"end":{"line":377,"column":5}},"147":{"start":{"line":374,"column":8},"end":{"line":374,"column":47}},"148":{"start":{"line":376,"column":8},"end":{"line":376,"column":44}},"149":{"start":{"line":378,"column":4},"end":{"line":378,"column":23}},"150":{"start":{"line":387,"column":4},"end":{"line":387,"column":41}},"151":{"start":{"line":388,"column":4},"end":{"line":388,"column":82}},"152":{"start":{"line":389,"column":25},"end":{"line":389,"column":43}},"153":{"start":{"line":390,"column":25},"end":{"line":390,"column":27}},"154":{"start":{"line":392,"column":4},"end":{"line":402,"column":5}},"155":{"start":{"line":393,"column":23},"end":{"line":393,"column":41}},"156":{"start":{"line":394,"column":8},"end":{"line":401,"column":9}},"157":{"start":{"line":395,"column":12},"end":{"line":395,"column":50}},"158":{"start":{"line":396,"column":12},"end":{"line":396,"column":51}},"159":{"start":{"line":398,"column":12},"end":{"line":398,"column":62}},"160":{"start":{"line":399,"column":12},"end":{"line":399,"column":33}},"161":{"start":{"line":400,"column":12},"end":{"line":400,"column":38}},"162":{"start":{"line":404,"column":4},"end":{"line":411,"column":5}},"163":{"start":{"line":405,"column":8},"end":{"line":405,"column":49}},"164":{"start":{"line":407,"column":8},"end":{"line":410,"column":10}},"165":{"start":{"line":421,"column":4},"end":{"line":426,"column":5}},"166":{"start":{"line":422,"column":8},"end":{"line":425,"column":10}},"167":{"start":{"line":427,"column":4},"end":{"line":432,"column":5}},"168":{"start":{"line":428,"column":8},"end":{"line":431,"column":10}},"169":{"start":{"line":434,"column":23},"end":{"line":434,"column":24}},"170":{"start":{"line":435,"column":15},"end":{"line":435,"column":17}},"171":{"start":{"line":437,"column":4},"end":{"line":453,"column":5}},"172":{"start":{"line":437,"column":21},"end":{"line":437,"column":22}},"173":{"start":{"line":438,"column":8},"end":{"line":452,"column":9}},"174":{"start":{"line":439,"column":12},"end":{"line":439,"column":79}},"175":{"start":{"line":440,"column":12},"end":{"line":440,"column":18}},"176":{"start":{"line":442,"column":12},"end":{"line":451,"column":13}},"177":{"start":{"line":443,"column":16},"end":{"line":443,"column":134}},"178":{"start":{"line":444,"column":16},"end":{"line":447,"column":18}},"179":{"start":{"line":449,"column":16},"end":{"line":449,"column":52}},"180":{"start":{"line":450,"column":16},"end":{"line":450,"column":35}},"181":{"start":{"line":455,"column":4},"end":{"line":458,"column":6}},"182":{"start":{"line":467,"column":25},"end":{"line":467,"column":58}},"183":{"start":{"line":468,"column":4},"end":{"line":468,"column":84}},"184":{"start":{"line":468,"column":34},"end":{"line":468,"column":82}},"185":{"start":{"line":478,"column":25},"end":{"line":481,"column":5}},"186":{"start":{"line":484,"column":4},"end":{"line":490,"column":5}},"187":{"start":{"line":485,"column":8},"end":{"line":485,"column":59}},"188":{"start":{"line":486,"column":8},"end":{"line":486,"column":75}},"189":{"start":{"line":488,"column":8},"end":{"line":488,"column":80}},"190":{"start":{"line":489,"column":8},"end":{"line":489,"column":20}},"191":{"start":{"line":492,"column":29},"end":{"line":501,"column":5}},"192":{"start":{"line":504,"column":4},"end":{"line":504,"column":39}},"193":{"start":{"line":505,"column":4},"end":{"line":511,"column":5}},"194":{"start":{"line":506,"column":8},"end":{"line":506,"column":71}},"195":{"start":{"line":507,"column":8},"end":{"line":507,"column":89}},"196":{"start":{"line":509,"column":8},"end":{"line":509,"column":91}},"197":{"start":{"line":510,"column":8},"end":{"line":510,"column":20}},"198":{"start":{"line":514,"column":4},"end":{"line":514,"column":76}},"199":{"start":{"line":515,"column":4},"end":{"line":515,"column":84}},"200":{"start":{"line":518,"column":25},"end":{"line":521,"column":5}},"201":{"start":{"line":524,"column":4},"end":{"line":524,"column":35}},"202":{"start":{"line":525,"column":4},"end":{"line":531,"column":5}},"203":{"start":{"line":526,"column":8},"end":{"line":526,"column":63}},"204":{"start":{"line":527,"column":8},"end":{"line":527,"column":89}},"205":{"start":{"line":529,"column":8},"end":{"line":529,"column":86}},"206":{"start":{"line":530,"column":8},"end":{"line":530,"column":20}},"207":{"start":{"line":533,"column":4},"end":{"line":533,"column":45}}},"fnMap":{"0":{"name":"(anonymous_0)","decl":{"start":{"line":17,"column":18},"end":{"line":17,"column":19}},"loc":{"start":{"line":17,"column":44},"end":{"line":105,"column":1}},"line":17},"1":{"name":"sendResponse","decl":{"start":{"line":113,"column":15},"end":{"line":113,"column":27}},"loc":{"start":{"line":113,"column":60},"end":{"line":139,"column":1}},"line":113},"2":{"name":"sendAnonymousUsage","decl":{"start":{"line":146,"column":15},"end":{"line":146,"column":33}},"loc":{"start":{"line":146,"column":46},"end":{"line":178,"column":1}},"line":146},"3":{"name":"checkSecretsManager","decl":{"start":{"line":186,"column":15},"end":{"line":186,"column":34}},"loc":{"start":{"line":186,"column":58},"end":{"line":232,"column":1}},"line":186},"4":{"name":"putConfigFile","decl":{"start":{"line":241,"column":15},"end":{"line":241,"column":28}},"loc":{"start":{"line":241,"column":56},"end":{"line":283,"column":1}},"line":241},"5":{"name":"copyAssets","decl":{"start":{"line":293,"column":15},"end":{"line":293,"column":25}},"loc":{"start":{"line":293,"column":85},"end":{"line":354,"column":1}},"line":293},"6":{"name":"getContentType","decl":{"start":{"line":361,"column":9},"end":{"line":361,"column":23}},"loc":{"start":{"line":361,"column":34},"end":{"line":379,"column":1}},"line":361},"7":{"name":"validateBuckets","decl":{"start":{"line":386,"column":15},"end":{"line":386,"column":30}},"loc":{"start":{"line":386,"column":40},"end":{"line":412,"column":1}},"line":386},"8":{"name":"checkFallbackImage","decl":{"start":{"line":420,"column":15},"end":{"line":420,"column":33}},"loc":{"start":{"line":420,"column":47},"end":{"line":459,"column":1}},"line":420},"9":{"name":"sleep","decl":{"start":{"line":466,"column":15},"end":{"line":466,"column":20}},"loc":{"start":{"line":466,"column":28},"end":{"line":469,"column":1}},"line":466},"10":{"name":"(anonymous_10)","decl":{"start":{"line":468,"column":23},"end":{"line":468,"column":24}},"loc":{"start":{"line":468,"column":34},"end":{"line":468,"column":82}},"line":468},"11":{"name":"createLoggingBucket","decl":{"start":{"line":477,"column":15},"end":{"line":477,"column":34}},"loc":{"start":{"line":477,"column":82},"end":{"line":534,"column":1}},"line":477}},"branchMap":{"0":{"loc":{"start":{"line":27,"column":8},"end":{"line":88,"column":9}},"type":"switch","locations":[{"start":{"line":28,"column":12},"end":{"line":41,"column":22}},{"start":{"line":42,"column":12},"end":{"line":47,"column":22}},{"start":{"line":48,"column":12},"end":{"line":53,"column":22}},{"start":{"line":54,"column":12},"end":{"line":58,"column":22}},{"start":{"line":59,"column":12},"end":{"line":64,"column":22}},{"start":{"line":65,"column":12},"end":{"line":70,"column":22}},{"start":{"line":71,"column":12},"end":{"line":76,"column":22}},{"start":{"line":77,"column":12},"end":{"line":85,"column":22}},{"start":{"line":86,"column":12},"end":{"line":87,"column":22}}],"line":27},"1":{"loc":{"start":{"line":29,"column":16},"end":{"line":40,"column":17}},"type":"if","locations":[{"start":{"line":29,"column":16},"end":{"line":40,"column":17}},{"start":{"line":29,"column":16},"end":{"line":40,"column":17}}],"line":29},"2":{"loc":{"start":{"line":43,"column":16},"end":{"line":46,"column":17}},"type":"if","locations":[{"start":{"line":43,"column":16},"end":{"line":46,"column":17}},{"start":{"line":43,"column":16},"end":{"line":46,"column":17}}],"line":43},"3":{"loc":{"start":{"line":49,"column":16},"end":{"line":52,"column":17}},"type":"if","locations":[{"start":{"line":49,"column":16},"end":{"line":52,"column":17}},{"start":{"line":49,"column":16},"end":{"line":52,"column":17}}],"line":49},"4":{"loc":{"start":{"line":55,"column":16},"end":{"line":57,"column":17}},"type":"if","locations":[{"start":{"line":55,"column":16},"end":{"line":57,"column":17}},{"start":{"line":55,"column":16},"end":{"line":57,"column":17}}],"line":55},"5":{"loc":{"start":{"line":60,"column":16},"end":{"line":63,"column":17}},"type":"if","locations":[{"start":{"line":60,"column":16},"end":{"line":63,"column":17}},{"start":{"line":60,"column":16},"end":{"line":63,"column":17}}],"line":60},"6":{"loc":{"start":{"line":66,"column":16},"end":{"line":69,"column":17}},"type":"if","locations":[{"start":{"line":66,"column":16},"end":{"line":69,"column":17}},{"start":{"line":66,"column":16},"end":{"line":69,"column":17}}],"line":66},"7":{"loc":{"start":{"line":72,"column":16},"end":{"line":75,"column":17}},"type":"if","locations":[{"start":{"line":72,"column":16},"end":{"line":75,"column":17}},{"start":{"line":72,"column":16},"end":{"line":75,"column":17}}],"line":72},"8":{"loc":{"start":{"line":78,"column":16},"end":{"line":84,"column":17}},"type":"if","locations":[{"start":{"line":78,"column":16},"end":{"line":84,"column":17}},{"start":{"line":78,"column":16},"end":{"line":84,"column":17}}],"line":78},"9":{"loc":{"start":{"line":95,"column":22},"end":{"line":95,"column":69}},"type":"cond-expr","locations":[{"start":{"line":95,"column":35},"end":{"line":95,"column":45}},{"start":{"line":95,"column":48},"end":{"line":95,"column":69}}],"line":95},"10":{"loc":{"start":{"line":96,"column":25},"end":{"line":96,"column":90}},"type":"cond-expr","locations":[{"start":{"line":96,"column":41},"end":{"line":96,"column":54}},{"start":{"line":96,"column":57},"end":{"line":96,"column":90}}],"line":96},"11":{"loc":{"start":{"line":115,"column":4},"end":{"line":117,"column":5}},"type":"if","locations":[{"start":{"line":115,"column":4},"end":{"line":117,"column":5}},{"start":{"line":115,"column":4},"end":{"line":117,"column":5}}],"line":115},"12":{"loc":{"start":{"line":187,"column":4},"end":{"line":192,"column":5}},"type":"if","locations":[{"start":{"line":187,"column":4},"end":{"line":192,"column":5}},{"start":{"line":187,"column":4},"end":{"line":192,"column":5}}],"line":187},"13":{"loc":{"start":{"line":187,"column":8},"end":{"line":187,"column":59}},"type":"binary-expr","locations":[{"start":{"line":187,"column":8},"end":{"line":187,"column":19}},{"start":{"line":187,"column":23},"end":{"line":187,"column":59}}],"line":187},"14":{"loc":{"start":{"line":193,"column":4},"end":{"line":198,"column":5}},"type":"if","locations":[{"start":{"line":193,"column":4},"end":{"line":198,"column":5}},{"start":{"line":193,"column":4},"end":{"line":198,"column":5}}],"line":193},"15":{"loc":{"start":{"line":193,"column":8},"end":{"line":193,"column":57}},"type":"binary-expr","locations":[{"start":{"line":193,"column":8},"end":{"line":193,"column":18}},{"start":{"line":193,"column":22},"end":{"line":193,"column":57}}],"line":193},"16":{"loc":{"start":{"line":208,"column":12},"end":{"line":213,"column":13}},"type":"if","locations":[{"start":{"line":208,"column":12},"end":{"line":213,"column":13}},{"start":{"line":208,"column":12},"end":{"line":213,"column":13}}],"line":208},"17":{"loc":{"start":{"line":218,"column":12},"end":{"line":224,"column":13}},"type":"if","locations":[{"start":{"line":218,"column":12},"end":{"line":224,"column":13}},{"start":{"line":218,"column":12},"end":{"line":224,"column":13}}],"line":218},"18":{"loc":{"start":{"line":251,"column":14},"end":{"line":251,"column":127}},"type":"cond-expr","locations":[{"start":{"line":251,"column":41},"end":{"line":251,"column":94}},{"start":{"line":251,"column":97},"end":{"line":251,"column":127}}],"line":251},"19":{"loc":{"start":{"line":266,"column":12},"end":{"line":275,"column":13}},"type":"if","locations":[{"start":{"line":266,"column":12},"end":{"line":275,"column":13}},{"start":{"line":266,"column":12},"end":{"line":275,"column":13}}],"line":266},"20":{"loc":{"start":{"line":266,"column":16},"end":{"line":266,"column":69}},"type":"binary-expr","locations":[{"start":{"line":266,"column":16},"end":{"line":266,"column":36}},{"start":{"line":266,"column":40},"end":{"line":266,"column":69}}],"line":266},"21":{"loc":{"start":{"line":313,"column":12},"end":{"line":322,"column":13}},"type":"if","locations":[{"start":{"line":313,"column":12},"end":{"line":322,"column":13}},{"start":{"line":313,"column":12},"end":{"line":322,"column":13}}],"line":313},"22":{"loc":{"start":{"line":313,"column":16},"end":{"line":313,"column":69}},"type":"binary-expr","locations":[{"start":{"line":313,"column":16},"end":{"line":313,"column":36}},{"start":{"line":313,"column":40},"end":{"line":313,"column":69}}],"line":313},"23":{"loc":{"start":{"line":339,"column":8},"end":{"line":341,"column":9}},"type":"if","locations":[{"start":{"line":339,"column":8},"end":{"line":341,"column":9}},{"start":{"line":339,"column":8},"end":{"line":341,"column":9}}],"line":339},"24":{"loc":{"start":{"line":363,"column":4},"end":{"line":377,"column":5}},"type":"if","locations":[{"start":{"line":363,"column":4},"end":{"line":377,"column":5}},{"start":{"line":363,"column":4},"end":{"line":377,"column":5}}],"line":363},"25":{"loc":{"start":{"line":365,"column":11},"end":{"line":377,"column":5}},"type":"if","locations":[{"start":{"line":365,"column":11},"end":{"line":377,"column":5}},{"start":{"line":365,"column":11},"end":{"line":377,"column":5}}],"line":365},"26":{"loc":{"start":{"line":367,"column":11},"end":{"line":377,"column":5}},"type":"if","locations":[{"start":{"line":367,"column":11},"end":{"line":377,"column":5}},{"start":{"line":367,"column":11},"end":{"line":377,"column":5}}],"line":367},"27":{"loc":{"start":{"line":369,"column":11},"end":{"line":377,"column":5}},"type":"if","locations":[{"start":{"line":369,"column":11},"end":{"line":377,"column":5}},{"start":{"line":369,"column":11},"end":{"line":377,"column":5}}],"line":369},"28":{"loc":{"start":{"line":371,"column":11},"end":{"line":377,"column":5}},"type":"if","locations":[{"start":{"line":371,"column":11},"end":{"line":377,"column":5}},{"start":{"line":371,"column":11},"end":{"line":377,"column":5}}],"line":371},"29":{"loc":{"start":{"line":373,"column":11},"end":{"line":377,"column":5}},"type":"if","locations":[{"start":{"line":373,"column":11},"end":{"line":377,"column":5}},{"start":{"line":373,"column":11},"end":{"line":377,"column":5}}],"line":373},"30":{"loc":{"start":{"line":404,"column":4},"end":{"line":411,"column":5}},"type":"if","locations":[{"start":{"line":404,"column":4},"end":{"line":411,"column":5}},{"start":{"line":404,"column":4},"end":{"line":411,"column":5}}],"line":404},"31":{"loc":{"start":{"line":421,"column":4},"end":{"line":426,"column":5}},"type":"if","locations":[{"start":{"line":421,"column":4},"end":{"line":426,"column":5}},{"start":{"line":421,"column":4},"end":{"line":426,"column":5}}],"line":421},"32":{"loc":{"start":{"line":421,"column":8},"end":{"line":421,"column":51}},"type":"binary-expr","locations":[{"start":{"line":421,"column":8},"end":{"line":421,"column":15}},{"start":{"line":421,"column":19},"end":{"line":421,"column":51}}],"line":421},"33":{"loc":{"start":{"line":427,"column":4},"end":{"line":432,"column":5}},"type":"if","locations":[{"start":{"line":427,"column":4},"end":{"line":432,"column":5}},{"start":{"line":427,"column":4},"end":{"line":432,"column":5}}],"line":427},"34":{"loc":{"start":{"line":427,"column":8},"end":{"line":427,"column":45}},"type":"binary-expr","locations":[{"start":{"line":427,"column":8},"end":{"line":427,"column":12}},{"start":{"line":427,"column":16},"end":{"line":427,"column":45}}],"line":427},"35":{"loc":{"start":{"line":442,"column":12},"end":{"line":451,"column":13}},"type":"if","locations":[{"start":{"line":442,"column":12},"end":{"line":451,"column":13}},{"start":{"line":442,"column":12},"end":{"line":451,"column":13}}],"line":442},"36":{"loc":{"start":{"line":442,"column":16},"end":{"line":442,"column":91}},"type":"binary-expr","locations":[{"start":{"line":442,"column":16},"end":{"line":442,"column":36}},{"start":{"line":442,"column":40},"end":{"line":442,"column":91}}],"line":442}},"s":{"0":1,"1":1,"2":1,"3":1,"4":1,"5":1,"6":1,"7":1,"8":1,"9":28,"10":28,"11":28,"12":28,"13":28,"14":3,"15":2,"16":2,"17":3,"18":3,"19":3,"20":3,"21":2,"22":4,"23":4,"24":4,"25":2,"26":1,"27":1,"28":1,"29":2,"30":2,"31":2,"32":1,"33":5,"34":5,"35":5,"36":1,"37":5,"38":5,"39":5,"40":2,"41":4,"42":4,"43":4,"44":4,"45":4,"46":4,"47":1,"48":1,"49":14,"50":14,"51":28,"52":28,"53":28,"54":28,"55":14,"56":28,"57":28,"58":28,"59":28,"60":2,"61":2,"62":2,"63":2,"64":1,"65":1,"66":1,"67":5,"68":1,"69":4,"70":1,"71":3,"72":3,"73":3,"74":3,"75":7,"76":7,"77":4,"78":4,"79":3,"80":1,"81":1,"82":6,"83":2,"84":2,"85":4,"86":4,"87":1,"88":3,"89":3,"90":3,"91":3,"92":3,"93":3,"94":3,"95":3,"96":3,"97":3,"98":3,"99":4,"100":4,"101":2,"102":2,"103":1,"104":1,"105":1,"106":1,"107":2,"108":4,"109":4,"110":4,"111":4,"112":4,"113":4,"114":4,"115":5,"116":5,"117":5,"118":3,"119":3,"120":2,"121":1,"122":1,"123":1,"124":1,"125":3,"126":3,"127":3,"128":21,"129":21,"130":3,"131":3,"132":2,"133":1,"134":1,"135":24,"136":24,"137":3,"138":21,"139":3,"140":18,"141":3,"142":15,"143":3,"144":12,"145":3,"146":9,"147":6,"148":3,"149":24,"150":2,"151":2,"152":2,"153":2,"154":2,"155":6,"156":6,"157":6,"158":3,"159":3,"160":3,"161":3,"162":2,"163":1,"164":1,"165":5,"166":1,"167":4,"168":1,"169":3,"170":3,"171":3,"172":3,"173":5,"174":5,"175":2,"176":3,"177":1,"178":1,"179":2,"180":2,"181":2,"182":8,"183":8,"184":8,"185":4,"186":4,"187":4,"188":3,"189":1,"190":1,"191":3,"192":3,"193":3,"194":3,"195":2,"196":1,"197":1,"198":2,"199":2,"200":2,"201":2,"202":2,"203":2,"204":1,"205":1,"206":1,"207":1},"f":{"0":28,"1":28,"2":2,"3":5,"4":3,"5":4,"6":24,"7":2,"8":5,"9":8,"10":8,"11":4},"b":{"0":[3,3,4,1,2,5,5,4,1],"1":[2,1],"2":[3,0],"3":[4,0],"4":[1,0],"5":[2,0],"6":[5,0],"7":[5,0],"8":[4,0],"9":[11,3],"10":[14,0],"11":[14,14],"12":[1,4],"13":[5,4],"14":[1,3],"15":[4,3],"16":[3,1],"17":[2,4],"18":[3,0],"19":[1,1],"20":[2,2],"21":[1,1],"22":[2,2],"23":[3,0],"24":[3,21],"25":[3,18],"26":[3,15],"27":[3,12],"28":[3,9],"29":[6,3],"30":[1,1],"31":[1,4],"32":[5,4],"33":[1,3],"34":[4,3],"35":[1,2],"36":[3,3]},"_coverageSchema":"1a1c01bbd47fc00a2c39e90264f33305004495a9","hash":"b63d9b681397b24b84837dbb32f061cf3fa818e6"}
}
