TN:
SF:index.js
FN:17,(anonymous_0)
FN:113,sendResponse
FN:146,sendAnonymousUsage
FN:186,checkSecretsManager
FN:241,putConfigFile
FN:293,copyAssets
FN:361,getContentType
FN:386,validateBuckets
FN:420,checkFallbackImage
FN:466,sleep
FN:468,(anonymous_10)
FN:477,createLoggingBucket
FNF:12
FNH:12
FNDA:28,(anonymous_0)
FNDA:28,sendResponse
FNDA:2,sendAnonymousUsage
FNDA:5,checkSecretsManager
FNDA:3,putConfigFile
FNDA:4,copyAssets
FNDA:24,getContentType
FNDA:2,validateBuckets
FNDA:5,checkFallbackImage
FNDA:8,sleep
FNDA:8,(anonymous_10)
FNDA:4,createLoggingBucket
DA:4,1
DA:5,1
DA:6,1
DA:7,1
DA:9,1
DA:10,1
DA:11,1
DA:12,1
DA:17,1
DA:18,28
DA:20,28
DA:21,28
DA:26,28
DA:27,28
DA:29,3
DA:30,2
DA:39,2
DA:41,3
DA:43,3
DA:44,3
DA:45,3
DA:47,2
DA:49,4
DA:50,4
DA:51,4
DA:53,2
DA:55,1
DA:56,1
DA:58,1
DA:60,2
DA:61,2
DA:62,2
DA:64,1
DA:66,5
DA:67,5
DA:68,5
DA:70,1
DA:72,5
DA:73,5
DA:74,5
DA:76,2
DA:78,4
DA:79,4
DA:80,4
DA:81,4
DA:82,4
DA:83,4
DA:85,1
DA:87,1
DA:90,14
DA:91,14
DA:101,28
DA:104,28
DA:114,28
DA:115,28
DA:116,14
DA:119,28
DA:129,28
DA:131,28
DA:138,28
DA:147,2
DA:152,2
DA:165,2
DA:166,2
DA:167,1
DA:172,1
DA:173,1
DA:187,5
DA:188,1
DA:193,4
DA:194,1
DA:200,3
DA:201,3
DA:203,3
DA:204,7
DA:205,7
DA:206,4
DA:208,4
DA:209,3
DA:215,1
DA:216,1
DA:218,6
DA:219,2
DA:220,2
DA:222,4
DA:223,4
DA:228,1
DA:242,3
DA:243,3
DA:245,3
DA:246,3
DA:248,3
DA:249,3
DA:251,3
DA:253,3
DA:254,3
DA:261,3
DA:262,4
DA:263,4
DA:264,2
DA:266,2
DA:267,1
DA:268,1
DA:273,1
DA:274,1
DA:279,2
DA:294,4
DA:295,4
DA:296,4
DA:298,4
DA:299,4
DA:302,4
DA:303,5
DA:304,5
DA:308,5
DA:309,3
DA:311,3
DA:313,2
DA:314,1
DA:315,1
DA:320,1
DA:321,1
DA:327,3
DA:328,3
DA:329,3
DA:330,21
DA:336,21
DA:339,3
DA:340,3
DA:343,2
DA:348,1
DA:349,1
DA:362,24
DA:363,24
DA:364,3
DA:365,21
DA:366,3
DA:367,18
DA:368,3
DA:369,15
DA:370,3
DA:371,12
DA:372,3
DA:373,9
DA:374,6
DA:376,3
DA:378,24
DA:387,2
DA:388,2
DA:389,2
DA:390,2
DA:392,2
DA:393,6
DA:394,6
DA:395,6
DA:396,3
DA:398,3
DA:399,3
DA:400,3
DA:404,2
DA:405,1
DA:407,1
DA:421,5
DA:422,1
DA:427,4
DA:428,1
DA:434,3
DA:435,3
DA:437,3
DA:438,5
DA:439,5
DA:440,2
DA:442,3
DA:443,1
DA:444,1
DA:449,2
DA:450,2
DA:455,2
DA:467,8
DA:468,8
DA:478,4
DA:484,4
DA:485,4
DA:486,3
DA:488,1
DA:489,1
DA:492,3
DA:504,3
DA:505,3
DA:506,3
DA:507,2
DA:509,1
DA:510,1
DA:514,2
DA:515,2
DA:518,2
DA:524,2
DA:525,2
DA:526,2
DA:527,1
DA:529,1
DA:530,1
DA:533,1
LF:203
LH:203
BRDA:27,0,0,3
BRDA:27,0,1,3
BRDA:27,0,2,4
BRDA:27,0,3,1
BRDA:27,0,4,2
BRDA:27,0,5,5
BRDA:27,0,6,5
BRDA:27,0,7,4
BRDA:27,0,8,1
BRDA:29,1,0,2
BRDA:29,1,1,1
BRDA:43,2,0,3
BRDA:43,2,1,0
BRDA:49,3,0,4
BRDA:49,3,1,0
BRDA:55,4,0,1
BRDA:55,4,1,0
BRDA:60,5,0,2
BRDA:60,5,1,0
BRDA:66,6,0,5
BRDA:66,6,1,0
BRDA:72,7,0,5
BRDA:72,7,1,0
BRDA:78,8,0,4
BRDA:78,8,1,0
BRDA:95,9,0,11
BRDA:95,9,1,3
BRDA:96,10,0,14
BRDA:96,10,1,0
BRDA:115,11,0,14
BRDA:115,11,1,14
BRDA:187,12,0,1
BRDA:187,12,1,4
BRDA:187,13,0,5
BRDA:187,13,1,4
BRDA:193,14,0,1
BRDA:193,14,1,3
BRDA:193,15,0,4
BRDA:193,15,1,3
BRDA:208,16,0,3
BRDA:208,16,1,1
BRDA:218,17,0,2
BRDA:218,17,1,4
BRDA:251,18,0,3
BRDA:251,18,1,0
BRDA:266,19,0,1
BRDA:266,19,1,1
BRDA:266,20,0,2
BRDA:266,20,1,2
BRDA:313,21,0,1
BRDA:313,21,1,1
BRDA:313,22,0,2
BRDA:313,22,1,2
BRDA:339,23,0,3
BRDA:339,23,1,0
BRDA:363,24,0,3
BRDA:363,24,1,21
BRDA:365,25,0,3
BRDA:365,25,1,18
BRDA:367,26,0,3
BRDA:367,26,1,15
BRDA:369,27,0,3
BRDA:369,27,1,12
BRDA:371,28,0,3
BRDA:371,28,1,9
BRDA:373,29,0,6
BRDA:373,29,1,3
BRDA:404,30,0,1
BRDA:404,30,1,1
BRDA:421,31,0,1
BRDA:421,31,1,4
BRDA:421,32,0,5
BRDA:421,32,1,4
BRDA:427,33,0,1
BRDA:427,33,1,3
BRDA:427,34,0,4
BRDA:427,34,1,3
BRDA:442,35,0,1
BRDA:442,35,1,2
BRDA:442,36,0,3
BRDA:442,36,1,3
BRF:81
BRH:71
end_of_record
