<?xml version="1.0" encoding="UTF-8"?>
<coverage generated="1617679751575" clover="3.2.0">
  <project timestamp="1617679751575" name="All files">
    <metrics statements="511" coveredstatements="511" conditionals="364" coveredconditionals="344" methods="28" coveredmethods="28" elements="903" coveredelements="883" complexity="0" loc="511" ncloc="511" packages="1" files="4" classes="4"/>
    <file name="image-handler.js" path="/Users/huyikai/sourceCode/AWS/Projects/Constructs-Analysis/serverless-img-handler-cn/source/image-handler/image-handler.js">
      <metrics statements="150" coveredstatements="150" conditionals="117" coveredconditionals="102" methods="7" coveredmethods="7"/>
      <line num="4" count="2" type="stmt"/>
      <line num="8" count="42" type="stmt"/>
      <line num="9" count="42" type="stmt"/>
      <line num="17" count="11" type="stmt"/>
      <line num="18" count="11" type="stmt"/>
      <line num="19" count="11" type="stmt"/>
      <line num="21" count="11" type="cond" truecount="4" falsecount="0"/>
      <line num="22" count="6" type="stmt"/>
      <line num="23" count="6" type="stmt"/>
      <line num="25" count="6" type="cond" truecount="4" falsecount="0"/>
      <line num="26" count="1" type="stmt"/>
      <line num="28" count="5" type="stmt"/>
      <line num="29" count="4" type="cond" truecount="2" falsecount="0"/>
      <line num="30" count="1" type="stmt"/>
      <line num="32" count="3" type="stmt"/>
      <line num="36" count="5" type="stmt"/>
      <line num="37" count="5" type="cond" truecount="2" falsecount="0"/>
      <line num="38" count="1" type="stmt"/>
      <line num="40" count="5" type="stmt"/>
      <line num="41" count="5" type="stmt"/>
      <line num="43" count="5" type="stmt"/>
      <line num="47" count="10" type="stmt"/>
      <line num="48" count="10" type="cond" truecount="2" falsecount="0"/>
      <line num="49" count="1" type="stmt"/>
      <line num="56" count="9" type="stmt"/>
      <line num="66" count="23" type="cond" truecount="2" falsecount="0"/>
      <line num="67" count="20" type="stmt"/>
      <line num="68" count="20" type="stmt"/>
      <line num="70" count="3" type="cond" truecount="1" falsecount="1"/>
      <line num="71" count="3" type="cond" truecount="1" falsecount="1"/>
      <line num="75" count="23" type="stmt"/>
      <line num="76" count="43" type="stmt"/>
      <line num="77" count="43" type="cond" truecount="2" falsecount="0"/>
      <line num="78" count="5" type="stmt"/>
      <line num="79" count="5" type="stmt"/>
      <line num="80" count="5" type="cond" truecount="1" falsecount="1"/>
      <line num="81" count="5" type="stmt"/>
      <line num="82" count="5" type="stmt"/>
      <line num="85" count="5" type="stmt"/>
      <line num="86" count="5" type="stmt"/>
      <line num="87" count="5" type="stmt"/>
      <line num="89" count="5" type="stmt"/>
      <line num="90" count="5" type="cond" truecount="2" falsecount="0"/>
      <line num="91" count="4" type="cond" truecount="1" falsecount="1"/>
      <line num="92" count="4" type="stmt"/>
      <line num="93" count="4" type="cond" truecount="4" falsecount="0"/>
      <line num="94" count="2" type="stmt"/>
      <line num="95" count="2" type="cond" truecount="2" falsecount="0"/>
      <line num="96" count="1" type="stmt"/>
      <line num="98" count="1" type="stmt"/>
      <line num="101" count="2" type="stmt"/>
      <line num="102" count="2" type="cond" truecount="2" falsecount="0"/>
      <line num="103" count="1" type="stmt"/>
      <line num="106" count="4" type="cond" truecount="1" falsecount="1"/>
      <line num="108" count="4" type="cond" truecount="1" falsecount="1"/>
      <line num="109" count="4" type="stmt"/>
      <line num="110" count="4" type="cond" truecount="4" falsecount="0"/>
      <line num="111" count="2" type="stmt"/>
      <line num="112" count="2" type="cond" truecount="2" falsecount="0"/>
      <line num="113" count="1" type="stmt"/>
      <line num="115" count="1" type="stmt"/>
      <line num="118" count="2" type="stmt"/>
      <line num="119" count="2" type="cond" truecount="2" falsecount="0"/>
      <line num="120" count="1" type="stmt"/>
      <line num="123" count="4" type="cond" truecount="1" falsecount="1"/>
      <line num="127" count="5" type="stmt"/>
      <line num="128" count="5" type="stmt"/>
      <line num="129" count="38" type="cond" truecount="2" falsecount="0"/>
      <line num="130" count="4" type="stmt"/>
      <line num="131" count="4" type="stmt"/>
      <line num="132" count="4" type="stmt"/>
      <line num="133" count="3" type="stmt"/>
      <line num="134" count="3" type="stmt"/>
      <line num="135" count="3" type="stmt"/>
      <line num="137" count="1" type="stmt"/>
      <line num="143" count="34" type="cond" truecount="2" falsecount="0"/>
      <line num="144" count="2" type="stmt"/>
      <line num="145" count="2" type="stmt"/>
      <line num="146" count="2" type="stmt"/>
      <line num="147" count="2" type="stmt"/>
      <line num="150" count="2" type="cond" truecount="4" falsecount="0"/>
      <line num="151" count="2" type="cond" truecount="4" falsecount="0"/>
      <line num="152" count="2" type="cond" truecount="4" falsecount="0"/>
      <line num="153" count="2" type="cond" truecount="4" falsecount="0"/>
      <line num="155" count="2" type="cond" truecount="1" falsecount="1"/>
      <line num="157" count="2" type="stmt"/>
      <line num="158" count="2" type="stmt"/>
      <line num="159" count="2" type="stmt"/>
      <line num="160" count="2" type="stmt"/>
      <line num="163" count="32" type="cond" truecount="2" falsecount="0"/>
      <line num="164" count="5" type="stmt"/>
      <line num="165" count="5" type="stmt"/>
      <line num="166" count="5" type="stmt"/>
      <line num="167" count="4" type="cond" truecount="2" falsecount="0"/>
      <line num="169" count="4" type="cond" truecount="4" falsecount="1"/>
      <line num="170" count="4" type="cond" truecount="2" falsecount="0"/>
      <line num="171" count="2" type="stmt"/>
      <line num="172" count="3" type="cond" truecount="2" falsecount="0"/>
      <line num="173" count="1" type="stmt"/>
      <line num="174" count="1" type="stmt"/>
      <line num="177" count="2" type="cond" truecount="1" falsecount="1"/>
      <line num="178" count="2" type="stmt"/>
      <line num="183" count="27" type="stmt"/>
      <line num="187" count="20" type="stmt"/>
      <line num="201" count="7" type="stmt"/>
      <line num="202" count="7" type="stmt"/>
      <line num="203" count="7" type="stmt"/>
      <line num="204" count="7" type="stmt"/>
      <line num="205" count="6" type="stmt"/>
      <line num="210" count="6" type="stmt"/>
      <line num="211" count="6" type="cond" truecount="2" falsecount="0"/>
      <line num="212" count="1" type="stmt"/>
      <line num="214" count="6" type="cond" truecount="2" falsecount="0"/>
      <line num="215" count="1" type="stmt"/>
      <line num="219" count="6" type="cond" truecount="2" falsecount="0"/>
      <line num="220" count="1" type="stmt"/>
      <line num="222" count="5" type="stmt"/>
      <line num="225" count="6" type="stmt"/>
      <line num="237" count="6" type="stmt"/>
      <line num="239" count="1" type="stmt"/>
      <line num="256" count="4" type="cond" truecount="2" falsecount="0"/>
      <line num="258" count="4" type="stmt"/>
      <line num="265" count="4" type="stmt"/>
      <line num="275" count="8" type="stmt"/>
      <line num="276" count="8" type="cond" truecount="2" falsecount="0"/>
      <line num="277" count="8" type="stmt"/>
      <line num="278" count="8" type="stmt"/>
      <line num="279" count="7" type="cond" truecount="2" falsecount="0"/>
      <line num="280" count="1" type="stmt"/>
      <line num="282" count="6" type="stmt"/>
      <line num="285" count="6" type="stmt"/>
      <line num="287" count="20" type="cond" truecount="1" falsecount="1"/>
      <line num="288" count="20" type="cond" truecount="1" falsecount="1"/>
      <line num="289" count="20" type="stmt"/>
      <line num="293" count="5" type="cond" truecount="2" falsecount="0"/>
      <line num="294" count="1" type="stmt"/>
      <line num="296" count="5" type="cond" truecount="2" falsecount="0"/>
      <line num="297" count="1" type="stmt"/>
      <line num="300" count="5" type="stmt"/>
      <line num="302" count="2" type="stmt"/>
      <line num="303" count="2" type="cond" truecount="2" falsecount="0"/>
      <line num="304" count="1" type="stmt"/>
      <line num="310" count="1" type="stmt"/>
      <line num="326" count="5" type="stmt"/>
      <line num="331" count="5" type="stmt"/>
      <line num="332" count="5" type="stmt"/>
      <line num="333" count="4" type="stmt"/>
      <line num="335" count="1" type="stmt"/>
      <line num="336" count="1" type="stmt"/>
      <line num="346" count="2" type="stmt"/>
    </file>
    <file name="image-request.js" path="/Users/huyikai/sourceCode/AWS/Projects/Constructs-Analysis/serverless-img-handler-cn/source/image-handler/image-request.js">
      <metrics statements="166" coveredstatements="166" conditionals="119" coveredconditionals="119" methods="13" coveredmethods="13"/>
      <line num="4" count="2" type="stmt"/>
      <line num="8" count="69" type="stmt"/>
      <line num="9" count="69" type="stmt"/>
      <line num="18" count="25" type="stmt"/>
      <line num="20" count="25" type="cond" truecount="2" falsecount="0"/>
      <line num="21" count="5" type="stmt"/>
      <line num="22" count="5" type="stmt"/>
      <line num="23" count="5" type="cond" truecount="4" falsecount="0"/>
      <line num="24" count="2" type="stmt"/>
      <line num="31" count="3" type="stmt"/>
      <line num="32" count="3" type="stmt"/>
      <line num="33" count="3" type="stmt"/>
      <line num="34" count="2" type="stmt"/>
      <line num="35" count="2" type="stmt"/>
      <line num="38" count="2" type="cond" truecount="2" falsecount="0"/>
      <line num="39" count="1" type="stmt"/>
      <line num="46" count="2" type="cond" truecount="2" falsecount="0"/>
      <line num="47" count="1" type="stmt"/>
      <line num="50" count="1" type="stmt"/>
      <line num="51" count="1" type="stmt"/>
      <line num="59" count="21" type="stmt"/>
      <line num="60" count="21" type="stmt"/>
      <line num="61" count="20" type="stmt"/>
      <line num="62" count="20" type="stmt"/>
      <line num="63" count="20" type="stmt"/>
      <line num="64" count="14" type="stmt"/>
      <line num="66" count="14" type="cond" truecount="2" falsecount="0"/>
      <line num="67" count="12" type="stmt"/>
      <line num="71" count="14" type="cond" truecount="6" falsecount="0"/>
      <line num="74" count="1" type="stmt"/>
      <line num="82" count="14" type="cond" truecount="5" falsecount="0"/>
      <line num="83" count="13" type="stmt"/>
      <line num="84" count="13" type="cond" truecount="4" falsecount="0"/>
      <line num="85" count="4" type="stmt"/>
      <line num="86" count="9" type="cond" truecount="2" falsecount="0"/>
      <line num="87" count="2" type="stmt"/>
      <line num="92" count="14" type="cond" truecount="2" falsecount="0"/>
      <line num="93" count="7" type="stmt"/>
      <line num="94" count="7" type="stmt"/>
      <line num="96" count="7" type="stmt"/>
      <line num="97" count="7" type="cond" truecount="4" falsecount="0"/>
      <line num="98" count="4" type="stmt"/>
      <line num="99" count="3" type="cond" truecount="4" falsecount="0"/>
      <line num="100" count="1" type="stmt"/>
      <line num="101" count="1" type="stmt"/>
      <line num="102" count="1" type="stmt"/>
      <line num="107" count="14" type="stmt"/>
      <line num="108" count="14" type="stmt"/>
      <line num="110" count="14" type="stmt"/>
      <line num="112" count="11" type="stmt"/>
      <line num="113" count="11" type="stmt"/>
      <line num="124" count="32" type="stmt"/>
      <line num="125" count="32" type="stmt"/>
      <line num="126" count="32" type="stmt"/>
      <line num="128" count="24" type="cond" truecount="2" falsecount="0"/>
      <line num="130" count="17" type="cond" truecount="2" falsecount="0"/>
      <line num="131" count="9" type="stmt"/>
      <line num="132" count="9" type="stmt"/>
      <line num="134" count="8" type="stmt"/>
      <line num="137" count="7" type="stmt"/>
      <line num="140" count="23" type="cond" truecount="2" falsecount="0"/>
      <line num="141" count="1" type="stmt"/>
      <line num="144" count="23" type="cond" truecount="2" falsecount="0"/>
      <line num="145" count="1" type="stmt"/>
      <line num="148" count="23" type="cond" truecount="2" falsecount="0"/>
      <line num="149" count="1" type="stmt"/>
      <line num="151" count="22" type="stmt"/>
      <line num="153" count="23" type="stmt"/>
      <line num="155" count="9" type="stmt"/>
      <line num="170" count="27" type="cond" truecount="2" falsecount="0"/>
      <line num="172" count="10" type="stmt"/>
      <line num="173" count="10" type="cond" truecount="2" falsecount="0"/>
      <line num="175" count="9" type="stmt"/>
      <line num="176" count="9" type="cond" truecount="4" falsecount="0"/>
      <line num="177" count="7" type="stmt"/>
      <line num="179" count="2" type="stmt"/>
      <line num="187" count="1" type="stmt"/>
      <line num="188" count="1" type="stmt"/>
      <line num="190" count="17" type="cond" truecount="4" falsecount="0"/>
      <line num="192" count="16" type="stmt"/>
      <line num="193" count="16" type="stmt"/>
      <line num="195" count="1" type="stmt"/>
      <line num="209" count="24" type="cond" truecount="2" falsecount="0"/>
      <line num="210" count="7" type="stmt"/>
      <line num="211" count="7" type="stmt"/>
      <line num="212" count="17" type="cond" truecount="2" falsecount="0"/>
      <line num="213" count="14" type="stmt"/>
      <line num="214" count="14" type="stmt"/>
      <line num="215" count="14" type="stmt"/>
      <line num="216" count="3" type="cond" truecount="2" falsecount="0"/>
      <line num="217" count="2" type="stmt"/>
      <line num="218" count="2" type="stmt"/>
      <line num="219" count="2" type="stmt"/>
      <line num="220" count="2" type="stmt"/>
      <line num="222" count="1" type="stmt"/>
      <line num="237" count="26" type="cond" truecount="2" falsecount="0"/>
      <line num="239" count="8" type="stmt"/>
      <line num="240" count="8" type="stmt"/>
      <line num="243" count="18" type="cond" truecount="4" falsecount="0"/>
      <line num="244" count="17" type="stmt"/>
      <line num="246" count="17" type="cond" truecount="2" falsecount="0"/>
      <line num="247" count="3" type="stmt"/>
      <line num="248" count="3" type="stmt"/>
      <line num="250" count="3" type="cond" truecount="2" falsecount="0"/>
      <line num="251" count="1" type="stmt"/>
      <line num="252" count="1" type="stmt"/>
      <line num="253" count="1" type="stmt"/>
      <line num="254" count="1" type="stmt"/>
      <line num="255" count="1" type="stmt"/>
      <line num="257" count="2" type="stmt"/>
      <line num="260" count="17" type="stmt"/>
      <line num="264" count="1" type="stmt"/>
      <line num="279" count="25" type="stmt"/>
      <line num="280" count="25" type="stmt"/>
      <line num="281" count="25" type="stmt"/>
      <line num="282" count="25" type="stmt"/>
      <line num="284" count="25" type="cond" truecount="4" falsecount="0"/>
      <line num="291" count="25" type="stmt"/>
      <line num="292" count="25" type="stmt"/>
      <line num="293" count="25" type="stmt"/>
      <line num="295" count="17" type="stmt"/>
      <line num="296" count="17" type="stmt"/>
      <line num="299" count="25" type="cond" truecount="4" falsecount="0"/>
      <line num="300" count="8" type="stmt"/>
      <line num="301" count="17" type="cond" truecount="4" falsecount="0"/>
      <line num="302" count="2" type="stmt"/>
      <line num="303" count="15" type="cond" truecount="2" falsecount="0"/>
      <line num="304" count="14" type="stmt"/>
      <line num="306" count="1" type="stmt"/>
      <line num="321" count="17" type="cond" truecount="2" falsecount="0"/>
      <line num="322" count="8" type="stmt"/>
      <line num="323" count="8" type="cond" truecount="2" falsecount="0"/>
      <line num="324" count="3" type="stmt"/>
      <line num="328" count="14" type="stmt"/>
      <line num="337" count="67" type="stmt"/>
      <line num="338" count="67" type="cond" truecount="2" falsecount="0"/>
      <line num="339" count="66" type="cond" truecount="2" falsecount="0"/>
      <line num="340" count="66" type="stmt"/>
      <line num="341" count="66" type="stmt"/>
      <line num="343" count="66" type="stmt"/>
      <line num="345" count="18" type="stmt"/>
      <line num="352" count="1" type="stmt"/>
      <line num="366" count="28" type="stmt"/>
      <line num="367" count="28" type="cond" truecount="2" falsecount="0"/>
      <line num="368" count="1" type="stmt"/>
      <line num="374" count="27" type="stmt"/>
      <line num="375" count="27" type="stmt"/>
      <line num="376" count="27" type="stmt"/>
      <line num="385" count="17" type="stmt"/>
      <line num="386" count="17" type="cond" truecount="5" falsecount="0"/>
      <line num="387" count="1" type="stmt"/>
      <line num="388" count="16" type="cond" truecount="2" falsecount="0"/>
      <line num="389" count="6" type="stmt"/>
      <line num="390" count="6" type="stmt"/>
      <line num="393" count="10" type="stmt"/>
      <line num="401" count="9" type="cond" truecount="9" falsecount="0"/>
      <line num="402" count="1" type="stmt"/>
      <line num="403" count="1" type="stmt"/>
      <line num="404" count="1" type="stmt"/>
      <line num="405" count="1" type="stmt"/>
      <line num="406" count="1" type="stmt"/>
      <line num="407" count="1" type="stmt"/>
      <line num="408" count="1" type="stmt"/>
      <line num="409" count="1" type="stmt"/>
      <line num="410" count="1" type="stmt"/>
      <line num="420" count="2" type="stmt"/>
    </file>
    <file name="index.js" path="/Users/huyikai/sourceCode/AWS/Projects/Constructs-Analysis/serverless-img-handler-cn/source/image-handler/index.js">
      <metrics statements="49" coveredstatements="49" conditionals="23" coveredconditionals="21" methods="2" coveredmethods="2"/>
      <line num="4" count="1" type="stmt"/>
      <line num="5" count="1" type="stmt"/>
      <line num="6" count="1" type="stmt"/>
      <line num="7" count="1" type="stmt"/>
      <line num="9" count="1" type="stmt"/>
      <line num="10" count="1" type="stmt"/>
      <line num="12" count="1" type="stmt"/>
      <line num="13" count="10" type="stmt"/>
      <line num="14" count="10" type="stmt"/>
      <line num="15" count="10" type="stmt"/>
      <line num="16" count="10" type="cond" truecount="2" falsecount="0"/>
      <line num="18" count="10" type="stmt"/>
      <line num="19" count="10" type="stmt"/>
      <line num="20" count="4" type="stmt"/>
      <line num="22" count="4" type="stmt"/>
      <line num="23" count="3" type="stmt"/>
      <line num="24" count="3" type="stmt"/>
      <line num="25" count="3" type="stmt"/>
      <line num="26" count="3" type="stmt"/>
      <line num="27" count="3" type="stmt"/>
      <line num="29" count="3" type="cond" truecount="2" falsecount="0"/>
      <line num="31" count="1" type="stmt"/>
      <line num="32" count="1" type="stmt"/>
      <line num="36" count="3" type="stmt"/>
      <line num="43" count="7" type="stmt"/>
      <line num="46" count="7" type="cond" truecount="7" falsecount="0"/>
      <line num="51" count="2" type="stmt"/>
      <line num="52" count="2" type="stmt"/>
      <line num="53" count="2" type="stmt"/>
      <line num="54" count="2" type="stmt"/>
      <line num="55" count="1" type="stmt"/>
      <line num="56" count="1" type="stmt"/>
      <line num="57" count="1" type="stmt"/>
      <line num="58" count="1" type="stmt"/>
      <line num="60" count="1" type="stmt"/>
      <line num="67" count="1" type="stmt"/>
      <line num="71" count="6" type="cond" truecount="2" falsecount="0"/>
      <line num="72" count="5" type="stmt"/>
      <line num="79" count="1" type="stmt"/>
      <line num="96" count="1" type="cond" truecount="1" falsecount="1"/>
      <line num="97" count="10" type="stmt"/>
      <line num="98" count="10" type="stmt"/>
      <line num="102" count="10" type="cond" truecount="2" falsecount="0"/>
      <line num="103" count="8" type="stmt"/>
      <line num="105" count="10" type="cond" truecount="2" falsecount="0"/>
      <line num="106" count="5" type="stmt"/>
      <line num="108" count="10" type="cond" truecount="2" falsecount="0"/>
      <line num="109" count="6" type="stmt"/>
      <line num="111" count="10" type="stmt"/>
    </file>
    <file name="thumbor-mapping.js" path="/Users/huyikai/sourceCode/AWS/Projects/Constructs-Analysis/serverless-img-handler-cn/source/image-handler/thumbor-mapping.js">
      <metrics statements="146" coveredstatements="146" conditionals="105" coveredconditionals="102" methods="6" coveredmethods="6"/>
      <line num="4" count="3" type="stmt"/>
      <line num="5" count="3" type="stmt"/>
      <line num="11" count="63" type="stmt"/>
      <line num="21" count="23" type="stmt"/>
      <line num="22" count="23" type="stmt"/>
      <line num="23" count="23" type="cond" truecount="2" falsecount="0"/>
      <line num="24" count="16" type="stmt"/>
      <line num="26" count="23" type="stmt"/>
      <line num="29" count="23" type="stmt"/>
      <line num="30" count="23" type="cond" truecount="2" falsecount="0"/>
      <line num="32" count="7" type="stmt"/>
      <line num="33" count="7" type="stmt"/>
      <line num="34" count="7" type="stmt"/>
      <line num="37" count="7" type="cond" truecount="3" falsecount="1"/>
      <line num="38" count="7" type="stmt"/>
      <line num="41" count="7" type="cond" truecount="4" falsecount="0"/>
      <line num="42" count="3" type="stmt"/>
      <line num="44" count="7" type="cond" truecount="2" falsecount="0"/>
      <line num="45" count="7" type="cond" truecount="2" falsecount="0"/>
      <line num="50" count="23" type="cond" truecount="2" falsecount="0"/>
      <line num="51" count="3" type="cond" truecount="2" falsecount="0"/>
      <line num="52" count="1" type="stmt"/>
      <line num="54" count="3" type="stmt"/>
      <line num="58" count="23" type="stmt"/>
      <line num="59" count="11" type="stmt"/>
      <line num="60" count="11" type="stmt"/>
      <line num="63" count="23" type="stmt"/>
      <line num="74" count="6" type="stmt"/>
      <line num="75" count="6" type="stmt"/>
      <line num="78" count="6" type="cond" truecount="5" falsecount="0"/>
      <line num="79" count="3" type="stmt"/>
      <line num="81" count="3" type="cond" truecount="2" falsecount="0"/>
      <line num="82" count="1" type="stmt"/>
      <line num="83" count="1" type="stmt"/>
      <line num="84" count="1" type="stmt"/>
      <line num="85" count="1" type="stmt"/>
      <line num="86" count="1" type="stmt"/>
      <line num="88" count="2" type="stmt"/>
      <line num="91" count="3" type="stmt"/>
      <line num="93" count="3" type="stmt"/>
      <line num="104" count="47" type="stmt"/>
      <line num="105" count="47" type="stmt"/>
      <line num="106" count="47" type="stmt"/>
      <line num="108" count="47" type="cond" truecount="2" falsecount="0"/>
      <line num="109" count="1" type="stmt"/>
      <line num="110" count="46" type="cond" truecount="2" falsecount="0"/>
      <line num="111" count="1" type="cond" truecount="1" falsecount="1"/>
      <line num="112" count="1" type="stmt"/>
      <line num="114" count="1" type="stmt"/>
      <line num="115" count="45" type="cond" truecount="2" falsecount="0"/>
      <line num="116" count="2" type="stmt"/>
      <line num="117" count="2" type="cond" truecount="2" falsecount="0"/>
      <line num="118" count="43" type="cond" truecount="2" falsecount="0"/>
      <line num="119" count="1" type="stmt"/>
      <line num="120" count="1" type="stmt"/>
      <line num="121" count="1" type="stmt"/>
      <line num="122" count="1" type="stmt"/>
      <line num="123" count="9" type="stmt"/>
      <line num="125" count="1" type="stmt"/>
      <line num="126" count="1" type="stmt"/>
      <line num="127" count="1" type="stmt"/>
      <line num="128" count="1" type="stmt"/>
      <line num="129" count="9" type="cond" truecount="2" falsecount="0"/>
      <line num="130" count="3" type="stmt"/>
      <line num="131" count="3" type="stmt"/>
      <line num="133" count="6" type="stmt"/>
      <line num="136" count="1" type="stmt"/>
      <line num="141" count="42" type="cond" truecount="2" falsecount="0"/>
      <line num="142" count="1" type="stmt"/>
      <line num="143" count="41" type="cond" truecount="2" falsecount="0"/>
      <line num="144" count="2" type="cond" truecount="2" falsecount="0"/>
      <line num="145" count="1" type="stmt"/>
      <line num="147" count="2" type="cond" truecount="1" falsecount="1"/>
      <line num="148" count="2" type="stmt"/>
      <line num="150" count="2" type="stmt"/>
      <line num="151" count="2" type="stmt"/>
      <line num="152" count="39" type="cond" truecount="2" falsecount="0"/>
      <line num="153" count="4" type="stmt"/>
      <line num="154" count="4" type="stmt"/>
      <line num="155" count="4" type="cond" truecount="2" falsecount="0"/>
      <line num="156" count="3" type="stmt"/>
      <line num="158" count="35" type="cond" truecount="2" falsecount="0"/>
      <line num="159" count="5" type="stmt"/>
      <line num="160" count="30" type="cond" truecount="2" falsecount="0"/>
      <line num="161" count="2" type="cond" truecount="2" falsecount="0"/>
      <line num="162" count="1" type="stmt"/>
      <line num="164" count="2" type="stmt"/>
      <line num="165" count="28" type="cond" truecount="2" falsecount="0"/>
      <line num="166" count="2" type="cond" truecount="2" falsecount="0"/>
      <line num="167" count="1" type="stmt"/>
      <line num="169" count="2" type="stmt"/>
      <line num="170" count="2" type="stmt"/>
      <line num="171" count="2" type="stmt"/>
      <line num="172" count="26" type="cond" truecount="2" falsecount="0"/>
      <line num="173" count="7" type="cond" truecount="2" falsecount="0"/>
      <line num="174" count="2" type="stmt"/>
      <line num="175" count="5" type="cond" truecount="2" falsecount="0"/>
      <line num="176" count="1" type="stmt"/>
      <line num="177" count="4" type="cond" truecount="2" falsecount="0"/>
      <line num="178" count="1" type="stmt"/>
      <line num="179" count="3" type="cond" truecount="2" falsecount="0"/>
      <line num="180" count="1" type="stmt"/>
      <line num="181" count="2" type="cond" truecount="2" falsecount="0"/>
      <line num="182" count="1" type="stmt"/>
      <line num="184" count="19" type="cond" truecount="2" falsecount="0"/>
      <line num="185" count="1" type="stmt"/>
      <line num="186" count="1" type="stmt"/>
      <line num="187" count="1" type="stmt"/>
      <line num="188" count="3" type="stmt"/>
      <line num="189" count="3" type="stmt"/>
      <line num="190" count="3" type="stmt"/>
      <line num="192" count="1" type="stmt"/>
      <line num="193" count="18" type="cond" truecount="2" falsecount="0"/>
      <line num="194" count="4" type="stmt"/>
      <line num="195" count="14" type="cond" truecount="2" falsecount="0"/>
      <line num="196" count="1" type="stmt"/>
      <line num="197" count="1" type="stmt"/>
      <line num="198" count="1" type="stmt"/>
      <line num="199" count="13" type="cond" truecount="2" falsecount="0"/>
      <line num="200" count="4" type="cond" truecount="2" falsecount="0"/>
      <line num="201" count="1" type="stmt"/>
      <line num="205" count="4" type="cond" truecount="2" falsecount="0"/>
      <line num="206" count="2" type="stmt"/>
      <line num="208" count="9" type="cond" truecount="4" falsecount="0"/>
      <line num="209" count="2" type="stmt"/>
      <line num="210" count="7" type="cond" truecount="2" falsecount="0"/>
      <line num="211" count="2" type="cond" truecount="2" falsecount="0"/>
      <line num="212" count="1" type="stmt"/>
      <line num="214" count="2" type="stmt"/>
      <line num="215" count="5" type="cond" truecount="2" falsecount="0"/>
      <line num="216" count="4" type="stmt"/>
      <line num="217" count="4" type="stmt"/>
      <line num="218" count="4" type="stmt"/>
      <line num="219" count="4" type="stmt"/>
      <line num="220" count="4" type="stmt"/>
      <line num="221" count="4" type="stmt"/>
      <line num="222" count="4" type="stmt"/>
      <line num="223" count="4" type="stmt"/>
      <line num="225" count="4" type="stmt"/>
      <line num="233" count="4" type="stmt"/>
      <line num="234" count="4" type="cond" truecount="4" falsecount="0"/>
      <line num="235" count="3" type="stmt"/>
      <line num="237" count="4" type="cond" truecount="4" falsecount="0"/>
      <line num="238" count="3" type="stmt"/>
      <line num="241" count="1" type="stmt"/>
      <line num="247" count="3" type="stmt"/>
    </file>
  </project>
</coverage>
