TN:
SF:image-handler.js
FN:7,(anonymous_0)
FN:16,(anonymous_1)
FN:65,(anonymous_2)
FN:200,(anonymous_3)
FN:255,(anonymous_4)
FN:274,(anonymous_5)
FN:324,(anonymous_6)
FNF:7
FNH:7
FNDA:42,(anonymous_0)
FNDA:11,(anonymous_1)
FNDA:23,(anonymous_2)
FNDA:7,(anonymous_3)
FNDA:4,(anonymous_4)
FNDA:8,(anonymous_5)
FNDA:5,(anonymous_6)
DA:4,2
DA:8,42
DA:9,42
DA:17,11
DA:18,11
DA:19,11
DA:21,11
DA:22,6
DA:23,6
DA:25,6
DA:26,1
DA:28,5
DA:29,4
DA:30,1
DA:32,3
DA:36,5
DA:37,5
DA:38,1
DA:40,5
DA:41,5
DA:43,5
DA:47,10
DA:48,10
DA:49,1
DA:56,9
DA:66,23
DA:67,20
DA:68,20
DA:70,3
DA:71,3
DA:75,23
DA:76,43
DA:77,43
DA:78,5
DA:79,5
DA:80,5
DA:81,5
DA:82,5
DA:85,5
DA:86,5
DA:87,5
DA:89,5
DA:90,5
DA:91,4
DA:92,4
DA:93,4
DA:94,2
DA:95,2
DA:96,1
DA:98,1
DA:101,2
DA:102,2
DA:103,1
DA:106,4
DA:108,4
DA:109,4
DA:110,4
DA:111,2
DA:112,2
DA:113,1
DA:115,1
DA:118,2
DA:119,2
DA:120,1
DA:123,4
DA:127,5
DA:128,5
DA:129,38
DA:130,4
DA:131,4
DA:132,4
DA:133,3
DA:134,3
DA:135,3
DA:137,1
DA:143,34
DA:144,2
DA:145,2
DA:146,2
DA:147,2
DA:150,2
DA:151,2
DA:152,2
DA:153,2
DA:155,2
DA:157,2
DA:158,2
DA:159,2
DA:160,2
DA:163,32
DA:164,5
DA:165,5
DA:166,5
DA:167,4
DA:169,4
DA:170,4
DA:171,2
DA:172,3
DA:173,1
DA:174,1
DA:177,2
DA:178,2
DA:183,27
DA:187,20
DA:201,7
DA:202,7
DA:203,7
DA:204,7
DA:205,6
DA:210,6
DA:211,6
DA:212,1
DA:214,6
DA:215,1
DA:219,6
DA:220,1
DA:222,5
DA:225,6
DA:237,6
DA:239,1
DA:256,4
DA:258,4
DA:265,4
DA:275,8
DA:276,8
DA:277,8
DA:278,8
DA:279,7
DA:280,1
DA:282,6
DA:285,6
DA:287,20
DA:288,20
DA:289,20
DA:293,5
DA:294,1
DA:296,5
DA:297,1
DA:300,5
DA:302,2
DA:303,2
DA:304,1
DA:310,1
DA:326,5
DA:331,5
DA:332,5
DA:333,4
DA:335,1
DA:336,1
DA:346,2
LF:150
LH:150
BRDA:21,0,0,6
BRDA:21,0,1,5
BRDA:21,1,0,11
BRDA:21,1,1,8
BRDA:25,2,0,1
BRDA:25,2,1,5
BRDA:25,3,0,6
BRDA:25,3,1,1
BRDA:29,4,0,1
BRDA:29,4,1,3
BRDA:37,5,0,1
BRDA:37,5,1,4
BRDA:48,6,0,1
BRDA:48,6,1,9
BRDA:66,7,0,20
BRDA:66,7,1,3
BRDA:70,8,0,3
BRDA:70,8,1,0
BRDA:71,9,0,3
BRDA:71,9,1,0
BRDA:77,10,0,5
BRDA:77,10,1,38
BRDA:80,11,0,5
BRDA:80,11,1,0
BRDA:90,12,0,4
BRDA:90,12,1,1
BRDA:91,13,0,4
BRDA:91,13,1,0
BRDA:93,14,0,2
BRDA:93,14,1,2
BRDA:93,15,0,4
BRDA:93,15,1,2
BRDA:95,16,0,1
BRDA:95,16,1,1
BRDA:102,17,0,1
BRDA:102,17,1,1
BRDA:106,18,0,0
BRDA:106,18,1,4
BRDA:108,19,0,4
BRDA:108,19,1,0
BRDA:110,20,0,2
BRDA:110,20,1,2
BRDA:110,21,0,4
BRDA:110,21,1,2
BRDA:112,22,0,1
BRDA:112,22,1,1
BRDA:119,23,0,1
BRDA:119,23,1,1
BRDA:123,24,0,0
BRDA:123,24,1,4
BRDA:129,25,0,4
BRDA:129,25,1,34
BRDA:143,26,0,2
BRDA:143,26,1,32
BRDA:150,27,0,1
BRDA:150,27,1,1
BRDA:150,28,0,2
BRDA:150,28,1,1
BRDA:151,29,0,1
BRDA:151,29,1,1
BRDA:151,30,0,2
BRDA:151,30,1,1
BRDA:152,31,0,1
BRDA:152,31,1,1
BRDA:152,32,0,2
BRDA:152,32,1,1
BRDA:153,33,0,1
BRDA:153,33,1,1
BRDA:153,34,0,2
BRDA:153,34,1,1
BRDA:155,35,0,2
BRDA:155,35,1,0
BRDA:163,36,0,5
BRDA:163,36,1,27
BRDA:167,37,0,2
BRDA:167,37,1,2
BRDA:169,38,0,4
BRDA:169,38,1,0
BRDA:169,39,0,4
BRDA:169,39,1,4
BRDA:169,39,2,4
BRDA:170,40,0,2
BRDA:170,40,1,2
BRDA:172,41,0,1
BRDA:172,41,1,2
BRDA:177,42,0,2
BRDA:177,42,1,0
BRDA:211,43,0,1
BRDA:211,43,1,5
BRDA:214,44,0,1
BRDA:214,44,1,5
BRDA:219,45,0,1
BRDA:219,45,1,5
BRDA:240,46,0,0
BRDA:240,46,1,1
BRDA:256,47,0,3
BRDA:256,47,1,1
BRDA:276,48,0,7
BRDA:276,48,1,1
BRDA:279,49,0,1
BRDA:279,49,1,6
BRDA:287,50,0,0
BRDA:287,50,1,20
BRDA:288,51,0,0
BRDA:288,51,1,20
BRDA:293,52,0,1
BRDA:293,52,1,4
BRDA:296,53,0,1
BRDA:296,53,1,4
BRDA:303,54,0,1
BRDA:303,54,1,1
BRDA:311,55,0,0
BRDA:311,55,1,1
BRDA:328,56,0,4
BRDA:328,56,1,1
BRDA:337,57,0,0
BRDA:337,57,1,1
BRF:117
BRH:102
end_of_record
TN:
SF:image-request.js
FN:7,(anonymous_0)
FN:17,(anonymous_1)
FN:98,(anonymous_2)
FN:123,(anonymous_3)
FN:169,(anonymous_4)
FN:208,(anonymous_5)
FN:236,(anonymous_6)
FN:278,(anonymous_7)
FN:320,(anonymous_8)
FN:336,(anonymous_9)
FN:365,(anonymous_10)
FN:384,(anonymous_11)
FN:400,(anonymous_12)
FNF:13
FNH:13
FNDA:69,(anonymous_0)
FNDA:25,(anonymous_1)
FNDA:4,(anonymous_2)
FNDA:32,(anonymous_3)
FNDA:27,(anonymous_4)
FNDA:24,(anonymous_5)
FNDA:26,(anonymous_6)
FNDA:25,(anonymous_7)
FNDA:17,(anonymous_8)
FNDA:67,(anonymous_9)
FNDA:28,(anonymous_10)
FNDA:17,(anonymous_11)
FNDA:9,(anonymous_12)
DA:4,2
DA:8,69
DA:9,69
DA:18,25
DA:20,25
DA:21,5
DA:22,5
DA:23,5
DA:24,2
DA:31,3
DA:32,3
DA:33,3
DA:34,2
DA:35,2
DA:38,2
DA:39,1
DA:46,2
DA:47,1
DA:50,1
DA:51,1
DA:59,21
DA:60,21
DA:61,20
DA:62,20
DA:63,20
DA:64,14
DA:66,14
DA:67,12
DA:71,14
DA:74,1
DA:82,14
DA:83,13
DA:84,13
DA:85,4
DA:86,9
DA:87,2
DA:92,14
DA:93,7
DA:94,7
DA:96,7
DA:97,7
DA:98,4
DA:99,3
DA:100,1
DA:101,1
DA:102,1
DA:107,14
DA:108,14
DA:110,14
DA:112,11
DA:113,11
DA:124,32
DA:125,32
DA:126,32
DA:128,24
DA:130,17
DA:131,9
DA:132,9
DA:134,8
DA:137,7
DA:140,23
DA:141,1
DA:144,23
DA:145,1
DA:148,23
DA:149,1
DA:151,22
DA:153,23
DA:155,9
DA:170,27
DA:172,10
DA:173,10
DA:175,9
DA:176,9
DA:177,7
DA:179,2
DA:187,1
DA:188,1
DA:190,17
DA:192,16
DA:193,16
DA:195,1
DA:209,24
DA:210,7
DA:211,7
DA:212,17
DA:213,14
DA:214,14
DA:215,14
DA:216,3
DA:217,2
DA:218,2
DA:219,2
DA:220,2
DA:222,1
DA:237,26
DA:239,8
DA:240,8
DA:243,18
DA:244,17
DA:246,17
DA:247,3
DA:248,3
DA:250,3
DA:251,1
DA:252,1
DA:253,1
DA:254,1
DA:255,1
DA:257,2
DA:260,17
DA:264,1
DA:279,25
DA:280,25
DA:281,25
DA:282,25
DA:284,25
DA:291,25
DA:292,25
DA:293,25
DA:295,17
DA:296,17
DA:299,25
DA:300,8
DA:301,17
DA:302,2
DA:303,15
DA:304,14
DA:306,1
DA:321,17
DA:322,8
DA:323,8
DA:324,3
DA:328,14
DA:337,67
DA:338,67
DA:339,66
DA:340,66
DA:341,66
DA:343,66
DA:345,18
DA:352,1
DA:366,28
DA:367,28
DA:368,1
DA:374,27
DA:375,27
DA:376,27
DA:385,17
DA:386,17
DA:387,1
DA:388,16
DA:389,6
DA:390,6
DA:393,10
DA:401,9
DA:402,1
DA:403,1
DA:404,1
DA:405,1
DA:406,1
DA:407,1
DA:408,1
DA:409,1
DA:410,1
DA:420,2
LF:166
LH:166
BRDA:20,0,0,5
BRDA:20,0,1,20
BRDA:23,1,0,2
BRDA:23,1,1,3
BRDA:23,2,0,5
BRDA:23,2,1,4
BRDA:38,3,0,1
BRDA:38,3,1,1
BRDA:46,4,0,1
BRDA:46,4,1,1
BRDA:66,5,0,12
BRDA:66,5,1,2
BRDA:71,6,0,1
BRDA:71,6,1,13
BRDA:71,7,0,14
BRDA:71,7,1,3
BRDA:71,7,2,3
BRDA:71,7,3,2
BRDA:82,8,0,13
BRDA:82,8,1,1
BRDA:82,9,0,14
BRDA:82,9,1,3
BRDA:82,9,2,2
BRDA:84,10,0,4
BRDA:84,10,1,9
BRDA:84,11,0,13
BRDA:84,11,1,11
BRDA:86,12,0,2
BRDA:86,12,1,7
BRDA:92,13,0,7
BRDA:92,13,1,7
BRDA:97,14,0,3
BRDA:97,14,1,4
BRDA:97,15,0,7
BRDA:97,15,1,3
BRDA:99,16,0,1
BRDA:99,16,1,2
BRDA:99,17,0,3
BRDA:99,17,1,1
BRDA:128,18,0,17
BRDA:128,18,1,7
BRDA:130,19,0,9
BRDA:130,19,1,8
BRDA:140,20,0,1
BRDA:140,20,1,22
BRDA:144,21,0,1
BRDA:144,21,1,22
BRDA:148,22,0,1
BRDA:148,22,1,22
BRDA:156,23,0,6
BRDA:156,23,1,3
BRDA:170,24,0,10
BRDA:170,24,1,17
BRDA:173,25,0,9
BRDA:173,25,1,1
BRDA:176,26,0,7
BRDA:176,26,1,2
BRDA:176,27,0,9
BRDA:176,27,1,2
BRDA:190,28,0,16
BRDA:190,28,1,1
BRDA:190,29,0,17
BRDA:190,29,1,3
BRDA:209,30,0,7
BRDA:209,30,1,17
BRDA:212,31,0,14
BRDA:212,31,1,3
BRDA:216,32,0,2
BRDA:216,32,1,1
BRDA:237,33,0,8
BRDA:237,33,1,18
BRDA:243,34,0,17
BRDA:243,34,1,1
BRDA:243,35,0,18
BRDA:243,35,1,4
BRDA:246,36,0,3
BRDA:246,36,1,14
BRDA:250,37,0,1
BRDA:250,37,1,2
BRDA:284,38,0,25
BRDA:284,38,1,25
BRDA:284,38,2,25
BRDA:284,38,3,2
BRDA:299,39,0,8
BRDA:299,39,1,17
BRDA:299,40,0,25
BRDA:299,40,1,8
BRDA:301,41,0,2
BRDA:301,41,1,15
BRDA:301,42,0,17
BRDA:301,42,1,16
BRDA:303,43,0,14
BRDA:303,43,1,1
BRDA:321,44,0,8
BRDA:321,44,1,9
BRDA:323,45,0,3
BRDA:323,45,1,5
BRDA:338,46,0,66
BRDA:338,46,1,1
BRDA:339,47,0,59
BRDA:339,47,1,7
BRDA:367,48,0,1
BRDA:367,48,1,27
BRDA:386,49,0,1
BRDA:386,49,1,16
BRDA:386,50,0,17
BRDA:386,50,1,2
BRDA:386,50,2,2
BRDA:388,51,0,6
BRDA:388,51,1,10
BRDA:401,52,0,1
BRDA:401,52,1,1
BRDA:401,52,2,1
BRDA:401,52,3,1
BRDA:401,52,4,1
BRDA:401,52,5,1
BRDA:401,52,6,1
BRDA:401,52,7,1
BRDA:401,52,8,1
BRF:119
BRH:119
end_of_record
TN:
SF:index.js
FN:12,(anonymous_0)
FN:96,(anonymous_1)
FNF:2
FNH:2
FNDA:10,(anonymous_0)
FNDA:10,(anonymous_1)
DA:4,1
DA:5,1
DA:6,1
DA:7,1
DA:9,1
DA:10,1
DA:12,1
DA:13,10
DA:14,10
DA:15,10
DA:16,10
DA:18,10
DA:19,10
DA:20,4
DA:22,4
DA:23,3
DA:24,3
DA:25,3
DA:26,3
DA:27,3
DA:29,3
DA:31,1
DA:32,1
DA:36,3
DA:43,7
DA:46,7
DA:51,2
DA:52,2
DA:53,2
DA:54,2
DA:55,1
DA:56,1
DA:57,1
DA:58,1
DA:60,1
DA:67,1
DA:71,6
DA:72,5
DA:79,1
DA:96,1
DA:97,10
DA:98,10
DA:102,10
DA:103,8
DA:105,10
DA:106,5
DA:108,10
DA:109,6
DA:111,10
LF:49
LH:49
BRDA:16,0,0,10
BRDA:16,0,1,2
BRDA:29,1,0,1
BRDA:29,1,1,2
BRDA:46,2,0,2
BRDA:46,2,1,5
BRDA:46,3,0,7
BRDA:46,3,1,5
BRDA:46,3,2,3
BRDA:46,3,3,3
BRDA:46,3,4,2
BRDA:61,4,0,1
BRDA:61,4,1,0
BRDA:71,5,0,5
BRDA:71,5,1,1
BRDA:96,6,0,0
BRDA:96,7,0,8
BRDA:102,8,0,8
BRDA:102,8,1,2
BRDA:105,9,0,5
BRDA:105,9,1,5
BRDA:108,10,0,6
BRDA:108,10,1,4
BRF:23
BRH:21
end_of_record
TN:
SF:thumbor-mapping.js
FN:10,(anonymous_0)
FN:19,(anonymous_1)
FN:72,(anonymous_2)
FN:103,(anonymous_3)
FN:122,(anonymous_4)
FN:187,(anonymous_5)
FNF:6
FNH:6
FNDA:63,(anonymous_0)
FNDA:23,(anonymous_1)
FNDA:6,(anonymous_2)
FNDA:47,(anonymous_3)
FNDA:9,(anonymous_4)
FNDA:3,(anonymous_5)
DA:4,3
DA:5,3
DA:11,63
DA:21,23
DA:22,23
DA:23,23
DA:24,16
DA:26,23
DA:29,23
DA:30,23
DA:32,7
DA:33,7
DA:34,7
DA:37,7
DA:38,7
DA:41,7
DA:42,3
DA:44,7
DA:45,7
DA:50,23
DA:51,3
DA:52,1
DA:54,3
DA:58,23
DA:59,11
DA:60,11
DA:63,23
DA:74,6
DA:75,6
DA:78,6
DA:79,3
DA:81,3
DA:82,1
DA:83,1
DA:84,1
DA:85,1
DA:86,1
DA:88,2
DA:91,3
DA:93,3
DA:104,47
DA:105,47
DA:106,47
DA:108,47
DA:109,1
DA:110,46
DA:111,1
DA:112,1
DA:114,1
DA:115,45
DA:116,2
DA:117,2
DA:118,43
DA:119,1
DA:120,1
DA:121,1
DA:122,1
DA:123,9
DA:125,1
DA:126,1
DA:127,1
DA:128,1
DA:129,9
DA:130,3
DA:131,3
DA:133,6
DA:136,1
DA:141,42
DA:142,1
DA:143,41
DA:144,2
DA:145,1
DA:147,2
DA:148,2
DA:150,2
DA:151,2
DA:152,39
DA:153,4
DA:154,4
DA:155,4
DA:156,3
DA:158,35
DA:159,5
DA:160,30
DA:161,2
DA:162,1
DA:164,2
DA:165,28
DA:166,2
DA:167,1
DA:169,2
DA:170,2
DA:171,2
DA:172,26
DA:173,7
DA:174,2
DA:175,5
DA:176,1
DA:177,4
DA:178,1
DA:179,3
DA:180,1
DA:181,2
DA:182,1
DA:184,19
DA:185,1
DA:186,1
DA:187,1
DA:188,3
DA:189,3
DA:190,3
DA:192,1
DA:193,18
DA:194,4
DA:195,14
DA:196,1
DA:197,1
DA:198,1
DA:199,13
DA:200,4
DA:201,1
DA:205,4
DA:206,2
DA:208,9
DA:209,2
DA:210,7
DA:211,2
DA:212,1
DA:214,2
DA:215,5
DA:216,4
DA:217,4
DA:218,4
DA:219,4
DA:220,4
DA:221,4
DA:222,4
DA:223,4
DA:225,4
DA:233,4
DA:234,4
DA:235,3
DA:237,4
DA:238,3
DA:241,1
DA:247,3
LF:146
LH:146
BRDA:23,0,0,16
BRDA:23,0,1,7
BRDA:30,1,0,7
BRDA:30,1,1,16
BRDA:37,2,0,7
BRDA:37,2,1,0
BRDA:37,3,0,7
BRDA:37,3,1,7
BRDA:41,4,0,3
BRDA:41,4,1,4
BRDA:41,5,0,7
BRDA:41,5,1,5
BRDA:44,6,0,2
BRDA:44,6,1,5
BRDA:45,7,0,2
BRDA:45,7,1,5
BRDA:50,8,0,3
BRDA:50,8,1,20
BRDA:51,9,0,1
BRDA:51,9,1,2
BRDA:78,10,0,3
BRDA:78,10,1,3
BRDA:78,11,0,6
BRDA:78,11,1,4
BRDA:78,11,2,3
BRDA:81,12,0,1
BRDA:81,12,1,2
BRDA:108,13,0,1
BRDA:108,13,1,46
BRDA:110,14,0,1
BRDA:110,14,1,45
BRDA:111,15,0,1
BRDA:111,15,1,0
BRDA:115,16,0,2
BRDA:115,16,1,43
BRDA:117,17,0,1
BRDA:117,17,1,1
BRDA:118,18,0,1
BRDA:118,18,1,42
BRDA:129,19,0,3
BRDA:129,19,1,6
BRDA:141,20,0,1
BRDA:141,20,1,41
BRDA:143,21,0,2
BRDA:143,21,1,39
BRDA:144,22,0,1
BRDA:144,22,1,1
BRDA:147,23,0,2
BRDA:147,23,1,0
BRDA:152,24,0,4
BRDA:152,24,1,35
BRDA:155,25,0,3
BRDA:155,25,1,1
BRDA:158,26,0,5
BRDA:158,26,1,30
BRDA:160,27,0,2
BRDA:160,27,1,28
BRDA:161,28,0,1
BRDA:161,28,1,1
BRDA:165,29,0,2
BRDA:165,29,1,26
BRDA:166,30,0,1
BRDA:166,30,1,1
BRDA:172,31,0,7
BRDA:172,31,1,19
BRDA:173,32,0,2
BRDA:173,32,1,5
BRDA:175,33,0,1
BRDA:175,33,1,4
BRDA:177,34,0,1
BRDA:177,34,1,3
BRDA:179,35,0,1
BRDA:179,35,1,2
BRDA:181,36,0,1
BRDA:181,36,1,1
BRDA:184,37,0,1
BRDA:184,37,1,18
BRDA:193,38,0,4
BRDA:193,38,1,14
BRDA:195,39,0,1
BRDA:195,39,1,13
BRDA:199,40,0,4
BRDA:199,40,1,9
BRDA:200,41,0,1
BRDA:200,41,1,3
BRDA:205,42,0,2
BRDA:205,42,1,2
BRDA:208,43,0,2
BRDA:208,43,1,7
BRDA:208,44,0,9
BRDA:208,44,1,8
BRDA:210,45,0,2
BRDA:210,45,1,5
BRDA:211,46,0,1
BRDA:211,46,1,1
BRDA:215,47,0,4
BRDA:215,47,1,1
BRDA:234,48,0,3
BRDA:234,48,1,1
BRDA:234,49,0,4
BRDA:234,49,1,3
BRDA:237,50,0,3
BRDA:237,50,1,1
BRDA:237,51,0,4
BRDA:237,51,1,3
BRF:105
BRH:102
end_of_record
